[    0.000000] Linux version 4.15.0-65-generic (buildd@lgw01-amd64-006) (gcc version 7.4.0 (Ubuntu 7.4.0-1ubuntu1~18.04.1)) #74-Ubuntu SMP Tue Sep 17 17:06:04 UTC 2019 (Ubuntu 4.15.0-65.74-generic 4.15.18)
[    0.000000] Command line: BOOT_IMAGE=/boot/vmlinuz-4.15.0-65-generic root=LABEL=cloudimg-rootfs ro console=tty1 console=ttyS0
[    0.000000] KERNEL supported cpus:
[    0.000000]   Intel GenuineIntel
[    0.000000]   AMD AuthenticAMD
[    0.000000]   Centaur CentaurHauls
[    0.000000] x86/fpu: Supporting XSAVE feature 0x001: 'x87 floating point registers'
[    0.000000] x86/fpu: Supporting XSAVE feature 0x002: 'SSE registers'
[    0.000000] x86/fpu: Supporting XSAVE feature 0x004: 'AVX registers'
[    0.000000] x86/fpu: xstate_offset[2]:  576, xstate_sizes[2]:  256
[    0.000000] x86/fpu: Enabled xstate features 0x7, context size is 832 bytes, using 'standard' format.
[    0.000000] e820: BIOS-provided physical RAM map:
[    0.000000] BIOS-e820: [mem 0x0000000000000000-0x000000000009fbff] usable
[    0.000000] BIOS-e820: [mem 0x000000000009fc00-0x000000000009ffff] reserved
[    0.000000] BIOS-e820: [mem 0x00000000000f0000-0x00000000000fffff] reserved
[    0.000000] BIOS-e820: [mem 0x0000000000100000-0x000000003ffeffff] usable
[    0.000000] BIOS-e820: [mem 0x000000003fff0000-0x000000003fffffff] ACPI data
[    0.000000] BIOS-e820: [mem 0x00000000fec00000-0x00000000fec00fff] reserved
[    0.000000] BIOS-e820: [mem 0x00000000fee00000-0x00000000fee00fff] reserved
[    0.000000] BIOS-e820: [mem 0x00000000fffc0000-0x00000000ffffffff] reserved
[    0.000000] NX (Execute Disable) protection: active
[    0.000000] SMBIOS 2.5 present.
[    0.000000] DMI: innotek GmbH VirtualBox/VirtualBox, BIOS VirtualBox 12/01/2006
[    0.000000] Hypervisor detected: KVM
[    0.000000] e820: last_pfn = 0x3fff0 max_arch_pfn = 0x400000000
[    0.000000] MTRR: Disabled
[    0.000000] x86/PAT: MTRRs disabled, skipping PAT initialization too.
[    0.000000] CPU MTRRs all blank - virtualized system.
[    0.000000] x86/PAT: Configuration [0-7]: WB  WT  UC- UC  WB  WT  UC- UC  
[    0.000000] found SMP MP-table at [mem 0x0009fff0-0x0009ffff]
[    0.000000] Scanning 1 areas for low memory corruption
[    0.000000] RAMDISK: [mem 0x35a8d000-0x36d3dfff]
[    0.000000] ACPI: Early table checksum verification disabled
[    0.000000] ACPI: RSDP 0x00000000000E0000 000024 (v02 VBOX  )
[    0.000000] ACPI: XSDT 0x000000003FFF0030 00003C (v01 VBOX   VBOXXSDT 00000001 ASL  00000061)
[    0.000000] ACPI: FACP 0x000000003FFF00F0 0000F4 (v04 VBOX   VBOXFACP 00000001 ASL  00000061)
[    0.000000] ACPI: DSDT 0x000000003FFF0470 0022EA (v02 VBOX   VBOXBIOS 00000002 INTL 20100528)
[    0.000000] ACPI: FACS 0x000000003FFF0200 000040
[    0.000000] ACPI: FACS 0x000000003FFF0200 000040
[    0.000000] ACPI: APIC 0x000000003FFF0240 00005C (v02 VBOX   VBOXAPIC 00000001 ASL  00000061)
[    0.000000] ACPI: SSDT 0x000000003FFF02A0 0001CC (v01 VBOX   VBOXCPUT 00000002 INTL 20100528)
[    0.000000] No NUMA configuration found
[    0.000000] Faking a node at [mem 0x0000000000000000-0x000000003ffeffff]
[    0.000000] NODE_DATA(0) allocated [mem 0x3ffc5000-0x3ffeffff]
[    0.000000] kvm-clock: cpu 0, msr 0:3ff44001, primary cpu clock
[    0.000000] kvm-clock: Using msrs 4b564d01 and 4b564d00
[    0.000000] kvm-clock: using sched offset of 3857435094 cycles
[    0.000000] clocksource: kvm-clock: mask: 0xffffffffffffffff max_cycles: 0x1cd42e4dffb, max_idle_ns: 881590591483 ns
[    0.000000] Zone ranges:
[    0.000000]   DMA      [mem 0x0000000000001000-0x0000000000ffffff]
[    0.000000]   DMA32    [mem 0x0000000001000000-0x000000003ffeffff]
[    0.000000]   Normal   empty
[    0.000000]   Device   empty
[    0.000000] Movable zone start for each node
[    0.000000] Early memory node ranges
[    0.000000]   node   0: [mem 0x0000000000001000-0x000000000009efff]
[    0.000000]   node   0: [mem 0x0000000000100000-0x000000003ffeffff]
[    0.000000] Reserved but unavailable: 98 pages
[    0.000000] Initmem setup node 0 [mem 0x0000000000001000-0x000000003ffeffff]
[    0.000000] ACPI: PM-Timer IO Port: 0x4008
[    0.000000] IOAPIC[0]: apic_id 2, version 32, address 0xfec00000, GSI 0-23
[    0.000000] ACPI: INT_SRC_OVR (bus 0 bus_irq 0 global_irq 2 dfl dfl)
[    0.000000] ACPI: INT_SRC_OVR (bus 0 bus_irq 9 global_irq 9 low level)
[    0.000000] Using ACPI (MADT) for SMP configuration information
[    0.000000] smpboot: Allowing 2 CPUs, 0 hotplug CPUs
[    0.000000] PM: Registered nosave memory: [mem 0x00000000-0x00000fff]
[    0.000000] PM: Registered nosave memory: [mem 0x0009f000-0x0009ffff]
[    0.000000] PM: Registered nosave memory: [mem 0x000a0000-0x000effff]
[    0.000000] PM: Registered nosave memory: [mem 0x000f0000-0x000fffff]
[    0.000000] e820: [mem 0x40000000-0xfebfffff] available for PCI devices
[    0.000000] Booting paravirtualized kernel on KVM
[    0.000000] clocksource: refined-jiffies: mask: 0xffffffff max_cycles: 0xffffffff, max_idle_ns: 7645519600211568 ns
[    0.000000] random: get_random_bytes called from start_kernel+0x99/0x4fd with crng_init=0
[    0.000000] setup_percpu: NR_CPUS:8192 nr_cpumask_bits:2 nr_cpu_ids:2 nr_node_ids:1
[    0.000000] percpu: Embedded 46 pages/cpu s151552 r8192 d28672 u1048576
[    0.000000] PV qspinlock hash table entries: 256 (order: 0, 4096 bytes)
[    0.000000] Built 1 zonelists, mobility grouping on.  Total pages: 257913
[    0.000000] Policy zone: DMA32
[    0.000000] Kernel command line: BOOT_IMAGE=/boot/vmlinuz-4.15.0-65-generic root=LABEL=cloudimg-rootfs ro console=tty1 console=ttyS0
[    0.000000] Memory: 983440K/1048120K available (12300K kernel code, 2481K rwdata, 4256K rodata, 2436K init, 2388K bss, 64680K reserved, 0K cma-reserved)
[    0.000000] SLUB: HWalign=64, Order=0-3, MinObjects=0, CPUs=2, Nodes=1
[    0.000000] Kernel/User page tables isolation: enabled
[    0.000000] ftrace: allocating 39301 entries in 154 pages
[    0.004000] Hierarchical RCU implementation.
[    0.004000] 	RCU restricting CPUs from NR_CPUS=8192 to nr_cpu_ids=2.
[    0.004000] 	Tasks RCU enabled.
[    0.004000] RCU: Adjusting geometry for rcu_fanout_leaf=16, nr_cpu_ids=2
[    0.004000] NR_IRQS: 524544, nr_irqs: 440, preallocated irqs: 16
[    0.004000] Console: colour VGA+ 80x25
[    0.004000] console [tty1] enabled
[    0.004000] console [ttyS0] enabled
[    0.004000] ACPI: Core revision 20170831
[    0.004000] ACPI: 2 ACPI AML tables successfully acquired and loaded
[    0.004000] APIC: Switch to symmetric I/O mode setup
[    0.004000] x2apic enabled
[    0.004000] Switched APIC routing to physical x2apic.
[    0.004000] ..TIMER: vector=0x30 apic1=0 pin1=2 apic2=-1 pin2=-1
[    0.004003] tsc: Detected 2303.998 MHz processor
[    0.004843] Calibrating delay loop (skipped) preset value.. 4607.99 BogoMIPS (lpj=9215992)
[    0.005483] pid_max: default: 32768 minimum: 301
[    0.008023] Security Framework initialized
[    0.009060] Yama: becoming mindful.
[    0.009750] AppArmor: AppArmor initialized
[    0.012000] Dentry cache hash table entries: 131072 (order: 8, 1048576 bytes)
[    0.012091] Inode-cache hash table entries: 65536 (order: 7, 524288 bytes)
[    0.013698] Mount-cache hash table entries: 2048 (order: 2, 16384 bytes)
[    0.016004] Mountpoint-cache hash table entries: 2048 (order: 2, 16384 bytes)
[    0.017559] Last level iTLB entries: 4KB 64, 2MB 8, 4MB 8
[    0.020001] Last level dTLB entries: 4KB 64, 2MB 0, 4MB 0, 1GB 4
[    0.021622] Spectre V1 : Mitigation: usercopy/swapgs barriers and __user pointer sanitization
[    0.023583] Spectre V2 : Mitigation: Full generic retpoline
[    0.024001] Spectre V2 : Spectre v2 / SpectreRSB mitigation: Filling RSB on context switch
[    0.025633] Speculative Store Bypass: Vulnerable
[    0.028033] MDS: Mitigation: Clear CPU buffers
[    0.028989] Freeing SMP alternatives memory: 36K
[    0.140069] smpboot: CPU0: Intel(R) Core(TM) i9-9880H CPU @ 2.30GHz (family: 0x6, model: 0x9e, stepping: 0xd)
[    0.142774] Performance Events: unsupported p6 CPU model 158 no PMU driver, software events only.
[    0.144025] Hierarchical SRCU implementation.
[    0.145402] NMI watchdog: Perf event create on CPU 0 failed with -2
[    0.146933] NMI watchdog: Perf NMI watchdog permanently disabled
[    0.148033] smp: Bringing up secondary CPUs ...
[    0.149312] x86: Booting SMP configuration:
[    0.150314] .... node  #0, CPUs:      #1
[    0.004000] kvm-clock: cpu 1, msr 0:3ff44041, secondary cpu clock
[    0.156013] smp: Brought up 1 node, 2 CPUs
[    0.157160] smpboot: Max logical packages: 1
[    0.157912] smpboot: Total of 2 processors activated (9215.99 BogoMIPS)
[    0.160093] devtmpfs: initialized
[    0.161023] x86/mm: Memory block size: 128MB
[    0.162223] evm: security.selinux
[    0.164002] evm: security.SMACK64
[    0.164654] evm: security.SMACK64EXEC
[    0.165915] evm: security.SMACK64TRANSMUTE
[    0.166841] evm: security.SMACK64MMAP
[    0.167675] evm: security.apparmor
[    0.168002] evm: security.ima
[    0.168551] evm: security.capability
[    0.169258] clocksource: jiffies: mask: 0xffffffff max_cycles: 0xffffffff, max_idle_ns: 7645041785100000 ns
[    0.169671] futex hash table entries: 512 (order: 3, 32768 bytes)
[    0.173323] pinctrl core: initialized pinctrl subsystem
[    0.175045] RTC time: 13:40:28, date: 11/20/19
[    0.176097] NET: Registered protocol family 16
[    0.177178] audit: initializing netlink subsys (disabled)
[    0.178432] audit: type=2000 audit(1574257233.175:1): state=initialized audit_enabled=0 res=1
[    0.180051] cpuidle: using governor ladder
[    0.181411] cpuidle: using governor menu
[    0.184028] ACPI: bus type PCI registered
[    0.185420] acpiphp: ACPI Hot Plug PCI Controller Driver version: 0.5
[    0.188084] PCI: Using configuration type 1 for base access
[    0.189629] HugeTLB registered 2.00 MiB page size, pre-allocated 0 pages
[    0.192065] ACPI: Added _OSI(Module Device)
[    0.192885] ACPI: Added _OSI(Processor Device)
[    0.193833] ACPI: Added _OSI(3.0 _SCP Extensions)
[    0.194729] ACPI: Added _OSI(Processor Aggregator Device)
[    0.196003] ACPI: Added _OSI(Linux-Dell-Video)
[    0.197021] ACPI: Added _OSI(Linux-Lenovo-NV-HDMI-Audio)
[    0.197964] ACPI: Added _OSI(Linux-HPI-Hybrid-Graphics)
[    0.200378] ACPI: Executed 1 blocks of module-level executable AML code
[    0.205451] ACPI: Interpreter enabled
[    0.206306] ACPI: (supports S0 S5)
[    0.207035] ACPI: Using IOAPIC for interrupt routing
[    0.208154] PCI: Using host bridge windows from ACPI; if necessary, use "pci=nocrs" and report a bug
[    0.210135] ACPI: Enabled 2 GPEs in block 00 to 07
[    0.217157] ACPI: PCI Root Bridge [PCI0] (domain 0000 [bus 00-ff])
[    0.218707] acpi PNP0A03:00: _OSC: OS supports [ASPM ClockPM Segments MSI]
[    0.220030] acpi PNP0A03:00: _OSC: not requesting OS control; OS requires [ExtendedConfig ASPM ClockPM MSI]
[    0.221745] acpi PNP0A03:00: fail to add MMCONFIG information, can't access extended PCI configuration space under this bridge.
[    0.224375] PCI host bridge to bus 0000:00
[    0.225267] pci_bus 0000:00: root bus resource [io  0x0000-0x0cf7 window]
[    0.226567] pci_bus 0000:00: root bus resource [io  0x0d00-0xffff window]
[    0.228002] pci_bus 0000:00: root bus resource [mem 0x000a0000-0x000bffff window]
[    0.229764] pci_bus 0000:00: root bus resource [mem 0x40000000-0xfdffffff window]
[    0.231287] pci_bus 0000:00: root bus resource [bus 00-ff]
[    0.234380] pci 0000:00:01.1: legacy IDE quirk: reg 0x10: [io  0x01f0-0x01f7]
[    0.236002] pci 0000:00:01.1: legacy IDE quirk: reg 0x14: [io  0x03f6]
[    0.237546] pci 0000:00:01.1: legacy IDE quirk: reg 0x18: [io  0x0170-0x0177]
[    0.240001] pci 0000:00:01.1: legacy IDE quirk: reg 0x1c: [io  0x0376]
[    0.254382] pci 0000:00:07.0: quirk: [io  0x4000-0x403f] claimed by PIIX4 ACPI
[    0.256016] pci 0000:00:07.0: quirk: [io  0x4100-0x410f] claimed by PIIX4 SMB
[    0.265879] ACPI: PCI Interrupt Link [LNKA] (IRQs 5 9 10 *11)
[    0.267872] ACPI: PCI Interrupt Link [LNKB] (IRQs 5 9 *10 11)
[    0.268109] ACPI: PCI Interrupt Link [LNKC] (IRQs 5 *9 10 11)
[    0.269266] ACPI: PCI Interrupt Link [LNKD] (IRQs 5 9 10 *11)
[    0.272305] SCSI subsystem initialized
[    0.273202] pci 0000:00:02.0: vgaarb: setting as boot VGA device
[    0.273202] pci 0000:00:02.0: vgaarb: VGA device added: decodes=io+mem,owns=io+mem,locks=none
[    0.274542] pci 0000:00:02.0: vgaarb: bridge control possible
[    0.276006] vgaarb: loaded
[    0.276837] ACPI: bus type USB registered
[    0.277671] usbcore: registered new interface driver usbfs
[    0.278648] usbcore: registered new interface driver hub
[    0.280021] usbcore: registered new device driver usb
[    0.281617] EDAC MC: Ver: 3.0.0
[    0.281617] PCI: Using ACPI for IRQ routing
[    0.284304] NetLabel: Initializing
[    0.285421] NetLabel:  domain hash size = 128
[    0.287022] NetLabel:  protocols = UNLABELED CIPSOv4 CALIPSO
[    0.288013] NetLabel:  unlabeled traffic allowed by default
[    0.289043] clocksource: Switched to clocksource kvm-clock
[    0.299004] VFS: Disk quotas dquot_6.6.0
[    0.300186] VFS: Dquot-cache hash table entries: 512 (order 0, 4096 bytes)
[    0.301980] AppArmor: AppArmor Filesystem Enabled
[    0.302981] pnp: PnP ACPI init
[    0.304866] pnp: PnP ACPI: found 3 devices
[    0.316208] clocksource: acpi_pm: mask: 0xffffff max_cycles: 0xffffff, max_idle_ns: 2085701024 ns
[    0.318111] NET: Registered protocol family 2
[    0.319093] TCP established hash table entries: 8192 (order: 4, 65536 bytes)
[    0.321062] TCP bind hash table entries: 8192 (order: 5, 131072 bytes)
[    0.323793] TCP: Hash tables configured (established 8192 bind 8192)
[    0.325462] UDP hash table entries: 512 (order: 2, 16384 bytes)
[    0.327016] UDP-Lite hash table entries: 512 (order: 2, 16384 bytes)
[    0.328529] NET: Registered protocol family 1
[    0.329635] pci 0000:00:00.0: Limiting direct PCI/PCI transfers
[    0.330861] pci 0000:00:01.0: Activating ISA DMA hang workarounds
[    0.332007] pci 0000:00:02.0: Video device with shadowed ROM at [mem 0x000c0000-0x000dffff]
[    0.333588] Unpacking initramfs...
[    0.583605] Freeing initrd memory: 19140K
[    0.585064] clocksource: tsc: mask: 0xffffffffffffffff max_cycles: 0x2135f5e6f15, max_idle_ns: 440795231538 ns
[    0.587600] platform rtc_cmos: registered platform RTC device (no PNP device found)
[    0.589174] Scanning for low memory corruption every 60 seconds
[    0.590763] Initialise system trusted keyrings
[    0.591600] Key type blacklist registered
[    0.592525] workingset: timestamp_bits=36 max_order=18 bucket_order=0
[    0.594423] zbud: loaded
[    0.595457] squashfs: version 4.0 (2009/01/31) Phillip Lougher
[    0.596887] fuse init (API version 7.26)
[    0.599408] Key type asymmetric registered
[    0.600207] Asymmetric key parser 'x509' registered
[    0.601154] Block layer SCSI generic (bsg) driver version 0.4 loaded (major 246)
[    0.602599] io scheduler noop registered
[    0.603378] io scheduler deadline registered
[    0.604606] io scheduler cfq registered (default)
[    0.605916] ACPI: AC Adapter [AC] (on-line)
[    0.606940] input: Power Button as /devices/LNXSYSTM:00/LNXPWRBN:00/input/input0
[    0.608672] ACPI: Power Button [PWRF]
[    0.609760] input: Sleep Button as /devices/LNXSYSTM:00/LNXSLPBN:00/input/input1
[    0.611163] ACPI: Sleep Button [SLPF]
[    0.613034] ACPI: Battery Slot [BAT0] (battery present)
[    0.614116] Serial: 8250/16550 driver, 32 ports, IRQ sharing enabled
[    0.636118] 00:02: ttyS0 at I/O 0x3f8 (irq = 4, base_baud = 115200) is a 16550A
[    0.640645] Linux agpgart interface v0.103
[    0.642631] loop: module loaded
[    0.643651] scsi host0: ata_piix
[    0.644633] scsi host1: ata_piix
[    0.645490] ata1: PATA max UDMA/33 cmd 0x1f0 ctl 0x3f6 bmdma 0xd000 irq 14
[    0.646748] ata2: PATA max UDMA/33 cmd 0x170 ctl 0x376 bmdma 0xd008 irq 15
[    0.648599] libphy: Fixed MDIO Bus: probed
[    0.649428] tun: Universal TUN/TAP device driver, 1.6
[    0.650837] PPP generic driver version 2.4.2
[    0.651974] ehci_hcd: USB 2.0 'Enhanced' Host Controller (EHCI) Driver
[    0.653191] ehci-pci: EHCI PCI platform driver
[    0.654035] ehci-platform: EHCI generic platform driver
[    0.654988] ohci_hcd: USB 1.1 'Open' Host Controller (OHCI) Driver
[    0.656096] ohci-pci: OHCI PCI platform driver
[    0.657001] ohci-platform: OHCI generic platform driver
[    0.658280] uhci_hcd: USB Universal Host Controller Interface driver
[    0.659989] i8042: PNP: PS/2 Controller [PNP0303:PS2K,PNP0f03:PS2M] at 0x60,0x64 irq 1,12
[    0.662038] serio: i8042 KBD port at 0x60,0x64 irq 1
[    0.663281] serio: i8042 AUX port at 0x60,0x64 irq 12
[    0.665508] mousedev: PS/2 mouse device common for all mice
[    0.667460] input: AT Translated Set 2 keyboard as /devices/platform/i8042/serio0/input/input2
[    0.669780] rtc_cmos rtc_cmos: rtc core: registered rtc_cmos as rtc0
[    0.670900] rtc_cmos rtc_cmos: alarms up to one day, 114 bytes nvram
[    0.672010] i2c /dev entries driver
[    0.672688] device-mapper: uevent: version 1.0.3
[    0.673705] device-mapper: ioctl: 4.37.0-ioctl (2017-09-20) initialised: dm-devel@redhat.com
[    0.675851] ledtrig-cpu: registered to indicate activity on CPUs
[    0.677447] NET: Registered protocol family 10
[    0.681836] Segment Routing with IPv6
[    0.682600] NET: Registered protocol family 17
[    0.683452] Key type dns_resolver registered
[    0.684397] mce: Using 0 MCE banks
[    0.685199] RAS: Correctable Errors collector initialized.
[    0.686131] sched_clock: Marking stable (684379751, 0)->(962685020, -278305269)
[    0.687706] registered taskstats version 1
[    0.688508] Loading compiled-in X.509 certificates
[    0.691061] Loaded X.509 cert 'Build time autogenerated kernel key: 3a65b6a3c8b5d6b297d77c25be9161529933bc49'
[    0.692978] zswap: loaded using pool lzo/zbud
[    0.698966] Key type big_key registered
[    0.699889] Key type trusted registered
[    0.702486] Key type encrypted registered
[    0.703399] AppArmor: AppArmor sha1 policy hashing enabled
[    0.704816] ima: No TPM chip found, activating TPM-bypass! (rc=-19)
[    0.706040] ima: Allocated hash algorithm: sha1
[    0.707353] evm: HMAC attrs: 0x1
[    0.708647]   Magic number: 11:46:686
[    0.709663] rtc_cmos rtc_cmos: setting system clock to 2019-11-20 13:40:28 UTC (1574257228)
[    0.711598] BIOS EDD facility v0.16 2004-Jun-25, 0 devices found
[    0.712804] EDD information not available.
[    0.815569] Freeing unused kernel image memory: 2436K
[    0.843578] Write protecting the kernel read-only data: 20480k
[    0.846285] Freeing unused kernel image memory: 2008K
[    0.848900] Freeing unused kernel image memory: 1888K
[    0.858168] x86/mm: Checked W+X mappings: passed, no W+X pages found.
[    0.860163] x86/mm: Checking user space page tables
[    0.868751] x86/mm: Checked W+X mappings: passed, no W+X pages found.
Loading, please wait...
starting version 237
[    0.941296] Fusion MPT base driver 3.04.20
[    0.942213] Copyright (c) 1999-2008 LSI Corporation
[    0.943424] e1000: Intel(R) PRO/1000 Network Driver - version 7.3.21-k8-NAPI
[    0.945065] e1000: Copyright (c) 1999-2006 Intel Corporation.
[    0.959295] Fusion MPT SPI Host driver 3.04.20
[    0.964547] AVX2 version of gcm_enc/dec engaged.
[    0.965647] AES CTR mode by8 optimization enabled
[    1.155711] input: ImExPS/2 Generic Explorer Mouse as /devices/platform/i8042/serio1/input/input4
[    1.365466] e1000 0000:00:03.0 eth0: (PCI:33MHz:32-bit) 02:2b:96:53:67:6c
[    1.367346] e1000 0000:00:03.0 eth0: Intel(R) PRO/1000 Network Connection
[    1.777104] e1000 0000:00:08.0 eth1: (PCI:33MHz:32-bit) 08:00:27:44:cd:bc
[    1.779067] e1000 0000:00:08.0 eth1: Intel(R) PRO/1000 Network Connection
[    1.781838] e1000 0000:00:08.0 enp0s8: renamed from eth1
[    1.783291] mptbase: ioc0: Initiating bringup
[    1.796970] e1000 0000:00:03.0 enp0s3: renamed from eth0
[    2.677301] ioc0: LSI53C1030 A0: Capabilities={Initiator}
[    3.581524] scsi host2: ioc0: LSI53C1030 A0, FwRev=00000000h, Ports=1, MaxQ=256, IRQ=20
[    3.853854] scsi 2:0:0:0: Direct-Access     VBOX     HARDDISK         1.0  PQ: 0 ANSI: 5
[    4.142860] scsi target2:0:0: Beginning Domain Validation
[    4.146296] scsi target2:0:0: Domain Validation skipping write tests
[    4.147906] scsi target2:0:0: Ending Domain Validation
[    4.149155] scsi target2:0:0: asynchronous
[    4.150698] scsi 2:0:1:0: Direct-Access     VBOX     HARDDISK         1.0  PQ: 0 ANSI: 5
[    4.533119] scsi target2:0:1: Beginning Domain Validation
[    4.536283] random: fast init done
[    4.537746] scsi target2:0:1: Domain Validation skipping write tests
[    4.539539] scsi target2:0:1: Ending Domain Validation
[    4.541099] scsi target2:0:1: asynchronous
[    4.546403] random: systemd-udevd: uninitialized urandom read (16 bytes read)
[    4.548450] random: systemd-udevd: uninitialized urandom read (16 bytes read)
[    4.550915] random: systemd-udevd: uninitialized urandom read (16 bytes read)
[    4.553414] sd 2:0:0:0: [sda] 20971520 512-byte logical blocks: (10.7 GB/10.0 GiB)
[    4.553450] sd 2:0:0:0: Attached scsi generic sg0 type 0
[    4.557088] sd 2:0:0:0: [sda] Write Protect is off
[    4.558297] sd 2:0:1:0: Attached scsi generic sg1 type 0
[    4.559660] sd 2:0:0:0: [sda] Incomplete mode parameter data
[    4.561086] sd 2:0:0:0: [sda] Assuming drive cache: write through
[    4.562475] sd 2:0:1:0: [sdb] 20480 512-byte logical blocks: (10.5 MB/10.0 MiB)
[    4.564379] sd 2:0:1:0: [sdb] Write Protect is off
[    4.566442] sd 2:0:1:0: [sdb] Incomplete mode parameter data
[    4.568065] sd 2:0:1:0: [sdb] Assuming drive cache: write through
[    4.570620]  sda: sda1
[    4.572140] sd 2:0:0:0: [sda] Attached SCSI disk
[    4.573514] sd 2:0:1:0: [sdb] Attached SCSI disk
Begin: Loading essential drivers ... [    5.972758] raid6: sse2x1   gen() 12142 MB/s
[    6.020457] raid6: sse2x1   xor()  6903 MB/s
[    6.068581] raid6: sse2x2   gen() 14194 MB/s
[    6.116089] raid6: sse2x2   xor()  9294 MB/s
[    6.165421] raid6: sse2x4   gen() 15178 MB/s
[    6.212042] raid6: sse2x4   xor()  8924 MB/s
[    6.260192] raid6: avx2x1   gen() 24186 MB/s
[    6.308058] raid6: avx2x1   xor() 11801 MB/s
[    6.356366] raid6: avx2x2   gen() 26362 MB/s
[    6.404376] raid6: avx2x2   xor() 18109 MB/s
[    6.453359] raid6: avx2x4   gen() 30320 MB/s
[    6.500043] raid6: avx2x4   xor() 18815 MB/s
[    6.501528] raid6: using algorithm avx2x4 gen() 30320 MB/s
[    6.502665] raid6: .... xor() 18815 MB/s, rmw enabled
[    6.503749] raid6: using avx2x2 recovery algorithm
[    6.506383] xor: automatically using best checksumming function   avx       
[    6.509630] async_tx: api initialized (async)
done.
Begin: Running /scripts/init-premount ... done.
Begin: Mounting root file system ... Begin: Running /scripts/local-top ... done.
Begin: Running /scripts/local-premount ... [    6.549872] Btrfs loaded, crc32c=crc32c-intel
Scanning for Btrfs filesystems
done.
Warning: fsck not present, so skipping root file system
[    6.573989] EXT4-fs (sda1): mounted filesystem with ordered data mode. Opts: (null)
done.
Begin: Running /scripts/local-bottom ... done.
Begin: Running /scripts/init-bottom ... done.
[    6.722334] ip_tables: (C) 2000-2006 Netfilter Core Team
[    6.729558] systemd[1]: systemd 237 running in system mode. (+PAM +AUDIT +SELINUX +IMA +APPARMOR +SMACK +SYSVINIT +UTMP +LIBCRYPTSETUP +GCRYPT +GNUTLS +ACL +XZ +LZ4 +SECCOMP +BLKID +ELFUTILS +KMOD -IDN2 +IDN -PCRE2 default-hierarchy=hybrid)
[    6.733919] systemd[1]: Detected virtualization oracle.
[    6.735033] systemd[1]: Detected architecture x86-64.

Welcome to [1mUbuntu 18.04.3 LTS[0m!

[    6.739929] systemd[1]: Set hostname to <ubuntu>.
[    6.745446] systemd[1]: Initializing machine ID from random generator.
[    6.746734] systemd[1]: Installed transient /etc/machine-id file.
[    6.972413] systemd[1]: Started Forward Password Requests to Wall Directory Watch.
[[0;32m  OK  [0m] Started Forward Password Requests to Wall Directory Watch.
[    6.976723] systemd[1]: Created slice System Slice.
[[0;32m  OK  [0m] Created slice System Slice.
[    6.993367] systemd[1]: Listening on udev Kernel Socket.
[[0;32m  OK  [0m] Listening on udev Kernel Socket.
[    7.013545] systemd[1]: Listening on Syslog Socket.
[[0;32m  OK  [0m] Listening on Syslog Socket.
[[0;32m  OK  [0m] Listening on Journal Socket (/dev/log).
[[0;32m  OK  [0m] Listening on /dev/initctl Compatibility Named Pipe.
[[0;32m  OK  [0m] Listening on Journal Socket.
         Starting Set the console keyboard layout...
         Starting Uncomplicated firewall...
         Starting Create list of required st…ce nodes for the current kernel...
         Mounting Kernel Debug File System...
         Starting Remount Root and Kernel File Systems...
         Mounting Huge Pages File System...
         Starting Load Kernel Modules...
[[0;32m  OK  [0m] Listening on Journal Audit Socket.
[    7.087109] EXT4-fs (sda1): re-mounted. Opts: (null)
         Starting Journal Service...
[[0;32m  OK  [0m] Listening on LVM2 metadata daemon socket.
[[0;32m  OK  [0m] Reached target User and Group Name Lookups.
[[0;32m  OK  [0m] Created slice system-serial\x2dgetty.slice.
[[0;32m  OK  [0m] Listening on LVM2 poll daemon socket.
[[0;32m  OK  [0m] Listening on Network Service Netlink Socket.
[[0;32m  OK  [0m] Reached target Swap.
[    7.100318] Loading iSCSI transport class v2.0-870.
[    7.107045] iscsi: registered transport (tcp)
[[0;32m  OK  [0m] Listening on udev Control Socket.
         Starting udev Coldplug all Devices...
         Mounting POSIX Message Queue File System...
[[0;32m  OK  [0m] Listening on Device-mapper event daemon FIFOs.
[[0;32m  OK  [0m] Set up automount Arbitrary Executab…rmats File System Automount Point.
[    7.162849] iscsi: registered transport (iser)
[[0;32m  OK  [0m] Reached target System Time Synchronized.
         Starting Monitoring of LVM2 mirrors…ng dmeventd or progress polling...
[[0;32m  OK  [0m] Created slice User and Session Slice.
[[0;32m  OK  [0m] Reached target Slices.
[[0;32m  OK  [0m] Started Journal Service.
[[0;32m  OK  [0m] Started Uncomplicated firewall.
[[0;32m  OK  [0m] Started Create list of required sta…vice nodes for the current kernel.
[[0;32m  OK  [0m] Mounted Kernel Debug File System.
[[0;32m  OK  [0m] Started Remount Root and Kernel File Systems.
[[0;32m  OK  [0m] Mounted Huge Pages File System.
[[0;32m  OK  [0m] Started Load Kernel Modules.
[[0;32m  OK  [0m] Mounted POSIX Message Queue File System.
[[0;32m  OK  [0m] Started LVM2 metadata daemon.
         Starting Apply Kernel Variables...
         Mounting Kernel Configuration File System...
         Mounting FUSE Control File System...
         Starting Load/Save Random Seed...
         Starting Create Static Device Nodes in /dev...
         Starting Flush Journal to Persistent Storage...
[[0;32m  OK  [0m] Mounted Kernel Configuration File System.
[[0;32m  OK  [0m] Mounted FUSE Control File System.
[[0;32m  OK  [0m] Started udev Coldplug all Devices.
[[0;32m  OK  [0m] Started Load/Save Random Seed.
[[0;32m  OK  [0m] Started Monitoring of LVM2 mirrors,…sing dmeventd or progress polling.
[[0;32m  OK  [0m] Started Apply Kernel Variables.
[[0;32m  OK  [0m] Started Create Static Device Nodes in /dev.
         Starting udev Kernel Device Manager...
[[0;32m  OK  [0m] Started Flush Journal to Persistent Storage.
[[0;32m  OK  [0m] Started udev Kernel Device Manager.
[[0;32m  OK  [0m] Found device /dev/ttyS0.
[[0;32m  OK  [0m] Listening on Load/Save RF Kill Switch Status /dev/rfkill Watch.
[[0;32m  OK  [0m] Started Set the console keyboard layout.
[[0;32m  OK  [0m] Reached target Local File Systems (Pre).
[[0;32m  OK  [0m] Reached target Local File Systems.
         Starting AppArmor initialization...
         Starting Create Volatile Files and Directories...
         Starting ebtables ruleset management...
         Starting Tell Plymouth To Write Out Runtime Data...
         Starting Set console font and keymap...
         Starting Commit a transient machine-id on disk...
[[0;32m  OK  [0m] Started Dispatch Password Requests to Console Directory Watch.
[[0;32m  OK  [0m] Reached target Local Encrypted Volumes.
[[0;32m  OK  [0m] Started Create Volatile Files and Directories.
[[0;32m  OK  [0m] Started Tell Plymouth To Write Out Runtime Data.
[[0;32m  OK  [0m] Started Set console font and keymap.
         Starting Update UTMP about System Boot/Shutdown...
[[0;32m  OK  [0m] Started Commit a transient machine-id on disk.
[[0;32m  OK  [0m] Started ebtables ruleset management.
[[0;32m  OK  [0m] Started Update UTMP about System Boot/Shutdown.
[[0;32m  OK  [0m] Started AppArmor initialization.
         Starting Initial cloud-init job (pre-networking)...
[    9.377141] cloud-init[664]: Cloud-init v. 19.2-36-g059d049c-0ubuntu2~18.04.1 running 'init-local' at Wed, 20 Nov 2019 13:40:36 +0000. Up 9.08 seconds.
[[0;32m  OK  [0m] Started Initial cloud-init job (pre-networking).
[[0;32m  OK  [0m] Reached target Network (Pre).
         Starting Network Service...
[[0;32m  OK  [0m] Started Network Service.
         Starting Wait for Network to be Configured...
         Starting Network Name Resolution...
[[0;32m  OK  [0m] Started Network Name Resolution.
[[0;32m  OK  [0m] Reached target Network.
[[0;32m  OK  [0m] Reached target Host and Network Name Lookups.
[[0;32m  OK  [0m] Started Wait for Network to be Configured.
         Starting Initial cloud-init job (metadata service crawler)...
[   11.229534] cloud-init[787]: Cloud-init v. 19.2-36-g059d049c-0ubuntu2~18.04.1 running 'init' at Wed, 20 Nov 2019 13:40:38 +0000. Up 11.11 seconds.
[   11.231420] cloud-init[787]: ci-info: ++++++++++++++++++++++++++++++++++++++Net device info+++++++++++++++++++++++++++++++++++++++
[   11.232980] cloud-init[787]: ci-info: +--------+-------+----------------------------+---------------+--------+-------------------+
[   11.234658] cloud-init[787]: ci-info: | Device |   Up  |          Address           |      Mask     | Scope  |     Hw-Address    |
[   11.237024] cloud-init[787]: ci-info: +--------+-------+----------------------------+---------------+--------+-------------------+
[   11.248236] cloud-init[787]: ci-info: | enp0s3 |  True |         10.0.2.15          | 255.255.255.0 | global | 02:2b:96:53:67:6c |
[   11.249485] cloud-init[787]: ci-info: | enp0s3 |  True | fe80::2b:96ff:fe53:676c/64 |       .       |  link  | 02:2b:96:53:67:6c |
[   11.250589] cloud-init[787]: ci-info: | enp0s8 | False |             .              |       .       |   .    | 08:00:27:44:cd:bc |
[   11.252219] cloud-init[787]: ci-info: |   lo   |  True |         127.0.0.1          |   255.0.0.0   |  host  |         .         |
[   11.254174] cloud-init[787]: ci-info: |   lo   |  True |          ::1/128           |       .       |  host  |         .         |
[   11.255525] cloud-init[787]: ci-info: +--------+-------+----------------------------+---------------+--------+-------------------+
[   11.268243] cloud-init[787]: ci-info: ++++++++++++++++++++++++++++Route IPv4 info+++++++++++++++++++++++++++++
[   11.280198] cloud-init[787]: ci-info: +-------+-------------+----------+-----------------+-----------+-------+
[   11.281285] cloud-init[787]: ci-info: | Route | Destination | Gateway  |     Genmask     | Interface | Flags |
[   11.292231] cloud-init[787]: ci-info: +-------+-------------+----------+-----------------+-----------+-------+
[   11.293479] cloud-init[787]: ci-info: |   0   |   0.0.0.0   | 10.0.2.2 |     0.0.0.0     |   enp0s3  |   UG  |
[   11.295044] cloud-init[787]: ci-info: |   1   |   10.0.2.0  | 0.0.0.0  |  255.255.255.0  |   enp0s3  |   U   |
[   11.296678] cloud-init[787]: ci-info: |   2   |   10.0.2.2  | 0.0.0.0  | 255.255.255.255 |   enp0s3  |   UH  |
[   11.298538] cloud-init[787]: ci-info: +-------+-------------+----------+-----------------+-----------+-------+
[   11.300279] cloud-init[787]: ci-info: +++++++++++++++++++Route IPv6 info+++++++++++++++++++
[   11.312177] cloud-init[787]: ci-info: +-------+-------------+---------+-----------+-------+
[   11.324207] cloud-init[787]: ci-info: | Route | Destination | Gateway | Interface | Flags |
[   11.325128] cloud-init[787]: ci-info: +-------+-------------+---------+-----------+-------+
[   11.338301] cloud-init[787]: ci-info: |   1   |  fe80::/64  |    ::   |   enp0s3  |   U   |
[   11.338889] cloud-init[787]: ci-info: |   3   |    local    |    ::   |   enp0s3  |   U   |
[   11.340834] cloud-init[787]: ci-info: |   4   |   ff00::/8  |    ::   |   enp0s3  |   U   |
[   11.343377] cloud-init[787]: ci-info: +-------+-------------+---------+-----------+-------+
[   11.835985] cloud-init[787]: Generating public/private rsa key pair.
[   11.837623] cloud-init[787]: Your identification has been saved in /etc/ssh/ssh_host_rsa_key.
[   11.839169] cloud-init[787]: Your public key has been saved in /etc/ssh/ssh_host_rsa_key.pub.
[   11.840977] cloud-init[787]: The key fingerprint is:
[   11.842100] cloud-init[787]: SHA256:m3CS6OXpQXmTUVYyrrHITOjW6OcNwj1u4uyTNqddGb8 root@ubuntu-bionic
[   11.843767] cloud-init[787]: The key's randomart image is:
[   11.844862] cloud-init[787]: +---[RSA 2048]----+
[   11.845855] cloud-init[787]: |          =..    |
[   11.846786] cloud-init[787]: |     .   + o     |
[   11.847749] cloud-init[787]: |    . . o .      |
[   11.848802] cloud-init[787]: |   . B + *       |
[   11.849729] cloud-init[787]: |    = % S        |
[   11.850698] cloud-init[787]: |   = = * B       |
[   11.851658] cloud-init[787]: |    =.O = .      |
[   11.852643] cloud-init[787]: |   .*Bo*   .     |
[   11.853663] cloud-init[787]: |   +=B= . E      |
[   11.854990] cloud-init[787]: +----[SHA256]-----+
[   11.856157] cloud-init[787]: Generating public/private dsa key pair.
[   11.857391] cloud-init[787]: Your identification has been saved in /etc/ssh/ssh_host_dsa_key.
[   11.859130] cloud-init[787]: Your public key has been saved in /etc/ssh/ssh_host_dsa_key.pub.
[   11.860878] cloud-init[787]: The key fingerprint is:
[   11.861813] cloud-init[787]: SHA256:7xFj7X8nPlU8oA1IDGlAjRMkF42OWbYQtxPMPBROJpI root@ubuntu-bionic
[   11.863479] cloud-init[787]: The key's randomart image is:
[   11.864844] cloud-init[787]: +---[DSA 1024]----+
[   11.865852] cloud-init[787]: | ..+O#X.=..      |
[   11.866823] cloud-init[787]: | E..O@o= o . .   |
[   11.867778] cloud-init[787]: |    B+=     + .. |
[   11.868863] cloud-init[787]: |   o o.    o . .o|
[   11.870275] cloud-init[787]: |        S + .   o|
[   11.871055] cloud-init[787]: |         o +    .|
[   11.872027] cloud-init[787]: |          o .  . |
[   11.872995] cloud-init[787]: |         . . .o o|
[   11.873889] cloud-init[[0;32m  OK  [0m] Started Initial cloud-init job (metadata service crawler).
[[0;32m  OK  [0m] Reached target System Initialization.
[[0;32m  OK  [0m] Started Discard unused blocks once a week.
[[0;32m  OK  [0m] Started Daily apt download activities.
[787]: |          .  .o+.|
[   11.880274] cloud-init[787]: +----[SHA256]-----+
[   11.881183] cloud-init[787]: Generating public/private ecdsa key pair.
[   11.882468] cloud-init[787]: Your identification has been saved in /etc/ssh/ssh_host_ecdsa_key.
         [   11.892217] cloud-init[787]: Your public key has been saved in /etc/ssh/ssh_host_ecdsa_key.pub.
[   11.892422] cloud-init[787]: The key fingerprint is:
[   11.893170] cloud-init[787]: Starting Socket activation for snappy daemon.SHA256:PBfF8xV8kblKLQVAJA3akmoor5d9l0OR7D94TpRzelQ root@ubuntu-bionic

[   11.893418] cloud-init[787]: The key's randomart image is:
[   11.898603] cloud-init[787]: +---[ECDSA 256]---+
[   11.900222] cloud-init[787]: |         o==o.oo=|
[   11.901338] cloud-init[787]: |        + .oo  =o|
[   11.902505] cloud-init[787]: |       +..o  ooEo|
[   11.903320] cloud-init[787]: |    . ...+ ..ooo |
[   11.904513] cloud-init[787]: | . . o  S o+.oo  |
[   11.905841] cloud-init[787]: |  o .    =. =.   |
         [   11.916323] cloud-init[787]: |   .o   . +o .   |
[   11.916615] cloud-init[787]: |  .o . . =.+.    |
[   11.917419] cloud-init[787]: | ..   . . +..    |
Starting LXD - unix socket.
[   11.917695] cloud-init[787]: +----[SHA256]-----+
[   11.920713] cloud-init[787]: Generating public/private ed25519 key pair.
[[   11.922266] cloud-init[787]: Your identification has been saved in /etc/ssh/ssh_host_ed25519_key.
[   11.922336] cloud-init[787]: Your public key has been saved in /etc/ssh/ssh_host_ed25519_key.pub.
[   11.923666] cloud-init[787]: The key fingerprint is:
[   11.924910] cloud-init[787]: SHA256:xBnVxQxZeHetByRCoWv46p6UmNFoT2WP8/BmQBKgDUE root@ubuntu-bionic
[   11.926008] cloud-init[787]: The key's randomart image is:
[   11.926956] cloud-init[787]: +--[ED25519 256]--+
[   11.929061] cloud-init[787]: | .E.... .o=ooX+ .|
[   11.930242] cloud-init[787]: |   +   o + .+.= +|
[   11.931328] cloud-init[787]: |  . . . O    . +.|
[   11.932289] cloud-init[787]: |     o B +    . .|
[   11.933498] cloud-init[787]: |    + + S .    . |
[0;32m  OK  [0m] [   11.934608] cloud-init[787]: |   . * + *       |
[   11.936825] cloud-init[787]: |    o + . =      |
[   11.937756] cloud-init[787]: |     . o o       |
[   11.938447] cloud-init[787]: |     o=          |
[   11.939101] cloud-init[787]: +----[SHA256]-----+
Listening on ACPID Listen Socket.
[[0;32m  OK  [0m] Listening on D-Bus System Message Bus Socket.
[[0;32m  OK  [0m] Started Daily apt upgrade and clean activities.
[[0;32m  OK  [0m] Started Daily Cleanup of Temporary Directories.
[[0;32m  OK  [0m] Listening on Open-iSCSI iscsid Socket.
[[0;32m  OK  [0m] Listening on UUID daemon activation socket.
[[0;32m  OK  [0m] Started ACPI Events Check.
[[0;32m  OK  [0m] Reached target Paths.
[[0;32m  OK  [0m] Started Message of the Day.
[[0;32m  OK  [0m] Reached target Timers.
[[0;32m  OK  [0m] Reached target Cloud-config availability.
[[0;32m  OK  [0m] Reached target Network is Online.
[[0;32m  OK  [0m] Reached target Remote File Systems (Pre).
[[0;32m  OK  [0m] Reached target Remote File Systems.
         Starting Availability of block devices...
[[0;32m  OK  [0m] Listening on Socket activation for snappy daemon.
[[0;32m  OK  [0m] Listening on LXD - unix socket.
[[0;32m  OK  [0m] Started Availability of block devices.
[[0;32m  OK  [0m] Reached target Sockets.
[[0;32m  OK  [0m] Reached target Basic System.
[[0;32m  OK  [0m] Started Deferred execution scheduler.
[[0;32m  OK  [0m] Started irqbalance daemon.
         Starting Pollinate to seed the pseudo random number generator...
         Starting Accounts Service...
[[0;32m  OK  [0m] Started Regular background program processing daemon.
[[0;32m  OK  [0m] Started FUSE filesystem for LXC.
         Starting Virtualbox guest utils...
         Starting LXD - container startup/shutdown...
         Starting LSB: automatic crash report generation...
         Starting LSB: Record successful boot for GRUB...
         Starting Dispatcher daemon for systemd-networkd...
         Starting System Logging Service...
         Starting Login Service...
         Starting Permit User Sessions...
[[0;32m  OK  [0m] Started D-Bus System Message Bus.
         Starting Snappy daemon...
[[0;32m  OK  [0m] Started System Logging Service.
[[0;32m  OK  [0m] Started LXD - container startup/shutdown.
[[0;32m  OK  [0m] Started Permit User Sessions.
[[0;32m  OK  [0m] Started Login Service.
[[0;32m  OK  [0m] Started Unattended Upgrades Shutdown.
         Starting Terminate Plymouth Boot Screen...
         Starting Hold until boot process finishes up...
[[0;32m  OK  [0m] Started Hold until boot process finishes up.
         Starting Set console scheme...
[[0;32m  OK  [0m] Started Serial Getty on ttyS0.
[[0;32m  OK  [0m] Started Terminate Plymouth Boot Screen.
[[0;32m  OK  [0m] Started Set console scheme.
[[0;32m  OK  [0m] Created slice system-getty.slice.
[[0;32m  OK  [0m] Started Getty on tty1.
[[0;32m  OK  [0m] Reached target Login Prompts.
         Starting Authorization Manager...
[[0;32m  OK  [0m] Started LSB: automatic crash report generation.
[[0;32m  OK  [0m] Started LSB: Record successful boot for GRUB.
[[0;32m  OK  [0m] Started Virtualbox guest utils.
[[0;32m  OK  [0m] Started Dispatcher daemon for systemd-networkd.
[[0;32m  OK  [0m] Started Authorization Manager.
[[0;32m  OK  [0m] Started Accounts Service.
[[0;32m  OK  [0m] Started Snappy daemon.
         Starting Wait until snapd is fully seeded...
[[0;32m  OK  [0m] Started Pollinate to seed the pseudo random number generator.
         Starting OpenBSD Secure Shell server...
[[0;32m  OK  [0m] Started OpenBSD Secure Shell server.
[[0;32m  OK  [0m] Created slice User Slice of vagrant.
         Starting User Manager for UID 1000...
[[0;32m  OK  [0m] Started Session 1 of user vagrant.
[[0;32m  OK  [0m] Started User Manager for UID 1000.
[[0;32m  OK  [0m] Started Wait until snapd is fully seeded.
[[0;32m  OK  [0m] Reached target Multi-User System.
[[0;32m  OK  [0m] Reached target Graphical Interface.
         Starting Update UTMP about System Runlevel Changes...
         Starting Apply the settings specified in cloud-config...
[[0;32m  OK  [0m] Started Update UTMP about System Runlevel Changes.
[   15.576284] cloud-init[1447]: Cloud-init v. 19.2-36-g059d049c-0ubuntu2~18.04.1 running 'modules:config' at Wed, 20 Nov 2019 13:40:43 +0000. Up 15.25 seconds.
[[0;32m  OK  [0m] Started Apply the settings specified in cloud-config.
         Starting Execute cloud user/final scripts...
         Stopping User Manager for UID 1000...
[[0;32m  OK  [0m] Stopped User Manager for UID 1000.
[[0;32m  OK  [0m] Removed slice User Slice of vagrant.
[[0;32m  OK  [0m] Created slice User Slice of vagrant.
         Starting User Manager for UID 1000...
[[0;32m  OK  [0m] Started Session 3 of user vagrant.
[[0;32m  OK  [0m] Started User Manager for UID 1000.
ci-info: no authorized ssh keys fingerprints found for user ubuntu.
<14>Nov 20 13:40:43 ec2: 
<14>Nov 20 13:40:43 ec2: #############################################################
<14>Nov 20 13:40:43 ec2: -----BEGIN SSH HOST KEY FINGERPRINTS-----
<14>Nov 20 13:40:43 ec2: 1024 SHA256:7xFj7X8nPlU8oA1IDGlAjRMkF42OWbYQtxPMPBROJpI root@ubuntu-bionic (DSA)
<14>Nov 20 13:40:43 ec2: 256 SHA256:PBfF8xV8kblKLQVAJA3akmoor5d9l0OR7D94TpRzelQ root@ubuntu-bionic (ECDSA)
<14>Nov 20 13:40:43 ec2: 256 SHA256:xBnVxQxZeHetByRCoWv46p6UmNFoT2WP8/BmQBKgDUE root@ubuntu-bionic (ED25519)
<14>Nov 20 13:40:43 ec2: 2048 SHA256:m3CS6OXpQXmTUVYyrrHITOjW6OcNwj1u4uyTNqddGb8 root@ubuntu-bionic (RSA)
<14>Nov 20 13:40:43 ec2: -----END SSH HOST KEY FINGERPRINTS-----
<14>Nov 20 13:40:43 ec2: #############################################################
-----BEGIN SSH HOST KEY KEYS-----
ecdsa-sha2-nistp256 AAAAE2VjZHNhLXNoYTItbmlzdHAyNTYAAAAIbmlzdHAyNTYAAABBBJKqdDUv8s1h9uSgN2yfXcqgLx1mGEZXT5dCDNywqqwIPHCal5TMcNCa9d1p8KwSx7DCogHDsbMxvKTqpzY+Qo0= root@ubuntu-bionic
ssh-ed25519 AAAAC3NzaC1lZDI1NTE5AAAAINIVvoHxa/7qX1o1DB+1vb35uNx1JkUeG0t8A5rWKPBv root@ubuntu-bionic
ssh-rsa AAAAB3NzaC1yc2EAAAADAQABAAABAQDQ7lRbLYN35qLj0rDFikMisP8tPT2uUGlXgDIOEvh0JXz8Ba/eeDMmnvoCyOJ6KOOC6hImyIT86UPbtSWDV+av6RU+j0eD98CRggyqN4t2/jYopqxH/LpwrP37SAzYSHB9dmadyrGMR9rrCGUi7mfYJMY1oX+TKCKDT/d6Rq9NjTnEoIguelx2I14dy1cls2HW0eN2Hv/Wh48qwFWXAeC1nyilJ0jZzg8aIw3Zh9um4UwVfNk6F0eutaUTe5WosaKrj8HCW6rm+FM78T2MTXjoA7TXUk4Q2ZUWIeUKN5bp8GdMLC47Y4gyJRgvGryl6Bm8B4ModcIdSCFb66rfei+d root@ubuntu-bionic
-----END SSH HOST KEY KEYS-----
[   16.058649] cloud-init[1682]: Cloud-init v. 19.2-36-g059d049c-0ubuntu2~18.04.1 running 'modules:final' at Wed, 20 Nov 2019 13:40:43 +0000. Up 15.92 seconds.
[   16.068231] cloud-init[1682]: ci-info: no authorized ssh keys fingerprints found for user ubuntu.
[   16.080177] cloud-init[1682]: Cloud-init v. 19.2-36-g059d049c-0ubuntu2~18.04.1 finished at Wed, 20 Nov 2019 13:40:43 +0000. Datasource DataSourceNoCloud [seed=/dev/sdb][dsmode=net].  Up 16.05 seconds
[[0;32m  OK  [0m] Started Execute cloud user/final scripts.
[[0;32m  OK  [0m] Reached target Cloud-init target.

Ubuntu 18.04.3 LTS ubuntu-bionic ttyS0

ubuntu-bionic login: 