[    0.000000] Initializing cgroup subsys cpuset
[    0.000000] Initializing cgroup subsys cpu
[    0.000000] Initializing cgroup subsys cpuacct
[    0.000000] Linux version 4.4.0-169-generic (buildd@lgw01-amd64-038) (gcc version 5.4.0 20160609 (Ubuntu 5.4.0-6ubuntu1~16.04.12) ) #198-Ubuntu SMP Tue Nov 12 10:38:00 UTC 2019 (Ubuntu 4.4.0-169.198-generic 4.4.197)
[    0.000000] Command line: BOOT_IMAGE=/boot/vmlinuz-4.4.0-169-generic root=LABEL=cloudimg-rootfs ro console=tty1 console=ttyS0
[    0.000000] KERNEL supported cpus:
[    0.000000]   Intel GenuineIntel
[    0.000000]   AMD AuthenticAMD
[    0.000000]   Centaur CentaurHauls
[    0.000000] x86/fpu: xstate_offset[2]:  576, xstate_sizes[2]:  256
[    0.000000] x86/fpu: Supporting XSAVE feature 0x01: 'x87 floating point registers'
[    0.000000] x86/fpu: Supporting XSAVE feature 0x02: 'SSE registers'
[    0.000000] x86/fpu: Supporting XSAVE feature 0x04: 'AVX registers'
[    0.000000] x86/fpu: Enabled xstate features 0x7, context size is 832 bytes, using 'standard' format.
[    0.000000] e820: BIOS-provided physical RAM map:
[    0.000000] BIOS-e820: [mem 0x0000000000000000-0x000000000009fbff] usable
[    0.000000] BIOS-e820: [mem 0x000000000009fc00-0x000000000009ffff] reserved
[    0.000000] BIOS-e820: [mem 0x00000000000f0000-0x00000000000fffff] reserved
[    0.000000] BIOS-e820: [mem 0x0000000000100000-0x000000001ffeffff] usable
[    0.000000] BIOS-e820: [mem 0x000000001fff0000-0x000000001fffffff] ACPI data
[    0.000000] BIOS-e820: [mem 0x00000000fec00000-0x00000000fec00fff] reserved
[    0.000000] BIOS-e820: [mem 0x00000000fee00000-0x00000000fee00fff] reserved
[    0.000000] BIOS-e820: [mem 0x00000000fffc0000-0x00000000ffffffff] reserved
[    0.000000] NX (Execute Disable) protection: active
[    0.000000] SMBIOS 2.5 present.
[    0.000000] Hypervisor detected: KVM
[    0.000000] e820: last_pfn = 0x1fff0 max_arch_pfn = 0x400000000
[    0.000000] MTRR: Disabled
[    0.000000] x86/PAT: MTRRs disabled, skipping PAT initialization too.
[    0.000000] CPU MTRRs all blank - virtualized system.
[    0.000000] x86/PAT: Configuration [0-7]: WB  WT  UC- UC  WB  WT  UC- UC  
[    0.000000] found SMP MP-table at [mem 0x0009fff0-0x0009ffff] mapped at [ffff88000009fff0]
[    0.000000] Scanning 1 areas for low memory corruption
[    0.000000] RAMDISK: [mem 0x1e899000-0x1f717fff]
[    0.000000] ACPI: Early table checksum verification disabled
[    0.000000] ACPI: RSDP 0x00000000000E0000 000024 (v02 VBOX  )
[    0.000000] ACPI: XSDT 0x000000001FFF0030 00003C (v01 VBOX   VBOXXSDT 00000001 ASL  00000061)
[    0.000000] ACPI: FACP 0x000000001FFF00F0 0000F4 (v04 VBOX   VBOXFACP 00000001 ASL  00000061)
[    0.000000] ACPI: DSDT 0x000000001FFF0470 0022EA (v02 VBOX   VBOXBIOS 00000002 INTL 20100528)
[    0.000000] ACPI: FACS 0x000000001FFF0200 000040
[    0.000000] ACPI: FACS 0x000000001FFF0200 000040
[    0.000000] ACPI: APIC 0x000000001FFF0240 000054 (v02 VBOX   VBOXAPIC 00000001 ASL  00000061)
[    0.000000] ACPI: SSDT 0x000000001FFF02A0 0001CC (v01 VBOX   VBOXCPUT 00000002 INTL 20100528)
[    0.000000] No NUMA configuration found
[    0.000000] Faking a node at [mem 0x0000000000000000-0x000000001ffeffff]
[    0.000000] NODE_DATA(0) allocated [mem 0x1ffeb000-0x1ffeffff]
[    0.000000] kvm-clock: Using msrs 4b564d01 and 4b564d00
[    0.000000] kvm-clock: cpu 0, msr 0:1ffe3001, primary cpu clock
[    0.000000] kvm-clock: using sched offset of 3578800292 cycles
[    0.000000] clocksource: kvm-clock: mask: 0xffffffffffffffff max_cycles: 0x1cd42e4dffb, max_idle_ns: 881590591483 ns
[    0.000000] Zone ranges:
[    0.000000]   DMA      [mem 0x0000000000001000-0x0000000000ffffff]
[    0.000000]   DMA32    [mem 0x0000000001000000-0x000000001ffeffff]
[    0.000000]   Normal   empty
[    0.000000]   Device   empty
[    0.000000] Movable zone start for each node
[    0.000000] Early memory node ranges
[    0.000000]   node   0: [mem 0x0000000000001000-0x000000000009efff]
[    0.000000]   node   0: [mem 0x0000000000100000-0x000000001ffeffff]
[    0.000000] Initmem setup node 0 [mem 0x0000000000001000-0x000000001ffeffff]
[    0.000000] ACPI: PM-Timer IO Port: 0x4008
[    0.000000] IOAPIC[0]: apic_id 1, version 32, address 0xfec00000, GSI 0-23
[    0.000000] ACPI: INT_SRC_OVR (bus 0 bus_irq 0 global_irq 2 dfl dfl)
[    0.000000] ACPI: INT_SRC_OVR (bus 0 bus_irq 9 global_irq 9 low level)
[    0.000000] Using ACPI (MADT) for SMP configuration information
[    0.000000] smpboot: Allowing 1 CPUs, 0 hotplug CPUs
[    0.000000] PM: Registered nosave memory: [mem 0x00000000-0x00000fff]
[    0.000000] PM: Registered nosave memory: [mem 0x0009f000-0x0009ffff]
[    0.000000] PM: Registered nosave memory: [mem 0x000a0000-0x000effff]
[    0.000000] PM: Registered nosave memory: [mem 0x000f0000-0x000fffff]
[    0.000000] e820: [mem 0x20000000-0xfebfffff] available for PCI devices
[    0.000000] Booting paravirtualized kernel on KVM
[    0.000000] clocksource: refined-jiffies: mask: 0xffffffff max_cycles: 0xffffffff, max_idle_ns: 7645519600211568 ns
[    0.000000] setup_percpu: NR_CPUS:512 nr_cpumask_bits:512 nr_cpu_ids:1 nr_node_ids:1
[    0.000000] PERCPU: Embedded 33 pages/cpu @ffff88001fc00000 s95448 r8192 d31528 u2097152
[    0.000000] Built 1 zonelists in Node order, mobility grouping on.  Total pages: 128888
[    0.000000] Policy zone: DMA32
[    0.000000] Kernel command line: BOOT_IMAGE=/boot/vmlinuz-4.4.0-169-generic root=LABEL=cloudimg-rootfs ro console=tty1 console=ttyS0
[    0.000000] PID hash table entries: 2048 (order: 2, 16384 bytes)
[    0.000000] Memory: 481764K/523832K available (8623K kernel code, 1336K rwdata, 4036K rodata, 1488K init, 1288K bss, 42068K reserved, 0K cma-reserved)
[    0.000000] SLUB: HWalign=64, Order=0-3, MinObjects=0, CPUs=1, Nodes=1
[    0.000000] Kernel/User page tables isolation: enabled
[    0.000000] Hierarchical RCU implementation.
[    0.000000] 	Build-time adjustment of leaf fanout to 64.
[    0.000000] 	RCU restricting CPUs from NR_CPUS=512 to nr_cpu_ids=1.
[    0.000000] RCU: Adjusting geometry for rcu_fanout_leaf=64, nr_cpu_ids=1
[    0.000000] NR_IRQS:33024 nr_irqs:256 16
[    0.000000] Console: colour VGA+ 80x25
[    0.000000] console [tty1] enabled
[    0.000000] console [ttyS0] enabled
[    0.000000] tsc: Detected 2303.998 MHz processor
[    0.154534] Calibrating delay loop (skipped) preset value.. 4607.99 BogoMIPS (lpj=9215992)
[    0.156442] pid_max: default: 32768 minimum: 301
[    0.157480] ACPI: Core revision 20150930
[    0.159202] ACPI: 2 ACPI AML tables successfully acquired and loaded
[    0.161327] Security Framework initialized
[    0.162321] Yama: becoming mindful.
[    0.163686] AppArmor: AppArmor initialized
[    0.164677] Dentry cache hash table entries: 65536 (order: 7, 524288 bytes)
[    0.166855] Inode-cache hash table entries: 32768 (order: 6, 262144 bytes)
[    0.168688] Mount-cache hash table entries: 1024 (order: 1, 8192 bytes)
[    0.170450] Mountpoint-cache hash table entries: 1024 (order: 1, 8192 bytes)
[    0.172457] Initializing cgroup subsys io
[    0.173723] Initializing cgroup subsys memory
[    0.174878] Initializing cgroup subsys devices
[    0.175928] Initializing cgroup subsys freezer
[    0.177195] Initializing cgroup subsys net_cls
[    0.178393] Initializing cgroup subsys perf_event
[    0.179874] Initializing cgroup subsys net_prio
[    0.181061] Initializing cgroup subsys hugetlb
[    0.182527] Initializing cgroup subsys pids
[    0.185059] mce: CPU supports 0 MCE banks
[    0.186512] process: using mwait in idle threads
[    0.187617] Last level iTLB entries: 4KB 64, 2MB 8, 4MB 8
[    0.188892] Last level dTLB entries: 4KB 64, 2MB 0, 4MB 0, 1GB 4
[    0.190737] Spectre V1 : Mitigation: usercopy/swapgs barriers and __user pointer sanitization
[    0.194617] Spectre V2 : Mitigation: Full generic retpoline
[    0.196626] Spectre V2 : Spectre v2 / SpectreRSB mitigation: Filling RSB on context switch
[    0.198897] Speculative Store Bypass: Vulnerable
[    0.200288] MDS: Mitigation: Clear CPU buffers
[    0.224476] Freeing SMP alternatives memory: 36K
[    0.230755] ftrace: allocating 32301 entries in 127 pages
[    0.281623] smpboot: APIC(0) Converting physical 0 to logical package 0
[    0.283270] smpboot: Max logical packages: 1
[    0.284328] x2apic enabled
[    0.285138] Switched APIC routing to physical x2apic.
[    0.287176] ..TIMER: vector=0x30 apic1=0 pin1=2 apic2=-1 pin2=-1
[    0.396971] smpboot: CPU0: Intel(R) Core(TM) i9-9880H CPU @ 2.30GHz (family: 0x6, model: 0x9e, stepping: 0xd)
[    0.400552] Performance Events: unsupported p6 CPU model 158 no PMU driver, software events only.
[    0.411287] KVM setup paravirtual spinlock
[    0.413117] x86: Booted up 1 node, 1 CPUs
[    0.413944] smpboot: Total of 1 processors activated (4607.99 BogoMIPS)
[    0.415330] devtmpfs: initialized
[    0.417955] evm: security.selinux
[    0.418721] evm: security.SMACK64
[    0.419911] evm: security.SMACK64EXEC
[    0.421307] evm: security.SMACK64TRANSMUTE
[    0.422184] evm: security.SMACK64MMAP
[    0.423005] evm: security.ima
[    0.423640] evm: security.capability
[    0.424456] clocksource: jiffies: mask: 0xffffffff max_cycles: 0xffffffff, max_idle_ns: 7645041785100000 ns
[    0.426824] futex hash table entries: 256 (order: 2, 16384 bytes)
[    0.428497] pinctrl core: initialized pinctrl subsystem
[    0.429921] RTC time: 19:43:13, date: 11/20/19
[    0.431426] NET: Registered protocol family 16
[    0.432483] cpuidle: using governor ladder
[    0.433407] cpuidle: using governor menu
[    0.434245] PCCT header not found.
[    0.434985] ACPI: bus type PCI registered
[    0.435784] acpiphp: ACPI Hot Plug PCI Controller Driver version: 0.5
[    0.437635] PCI: Using configuration type 1 for base access
[    0.441678] ACPI: Added _OSI(Module Device)
[    0.443016] ACPI: Added _OSI(Processor Device)
[    0.444185] ACPI: Added _OSI(3.0 _SCP Extensions)
[    0.445181] ACPI: Added _OSI(Processor Aggregator Device)
[    0.446788] ACPI: Executed 1 blocks of module-level executable AML code
[    0.449616] ACPI: Interpreter enabled
[    0.450949] ACPI: (supports S0 S5)
[    0.451960] ACPI: Using IOAPIC for interrupt routing
[    0.453375] PCI: Using host bridge windows from ACPI; if necessary, use "pci=nocrs" and report a bug
[    0.459295] ACPI: PCI Root Bridge [PCI0] (domain 0000 [bus 00-ff])
[    0.461972] acpi PNP0A03:00: _OSC: OS supports [ASPM ClockPM Segments MSI]
[    0.465557] acpi PNP0A03:00: _OSC: not requesting OS control; OS requires [ExtendedConfig ASPM ClockPM MSI]
[    0.468547] acpi PNP0A03:00: fail to add MMCONFIG information, can't access extended PCI configuration space under this bridge.
[    0.471869] PCI host bridge to bus 0000:00
[    0.472711] pci_bus 0000:00: root bus resource [io  0x0000-0x0cf7 window]
[    0.474377] pci_bus 0000:00: root bus resource [io  0x0d00-0xffff window]
[    0.475813] pci_bus 0000:00: root bus resource [mem 0x000a0000-0x000bffff window]
[    0.477891] pci_bus 0000:00: root bus resource [mem 0x20000000-0xfdffffff window]
[    0.479577] pci_bus 0000:00: root bus resource [bus 00-ff]
[    0.483878] pci 0000:00:01.1: legacy IDE quirk: reg 0x10: [io  0x01f0-0x01f7]
[    0.485875] pci 0000:00:01.1: legacy IDE quirk: reg 0x14: [io  0x03f6]
[    0.487293] pci 0000:00:01.1: legacy IDE quirk: reg 0x18: [io  0x0170-0x0177]
[    0.488841] pci 0000:00:01.1: legacy IDE quirk: reg 0x1c: [io  0x0376]
[    0.500222] pci 0000:00:07.0: quirk: [io  0x4000-0x403f] claimed by PIIX4 ACPI
[    0.509967] pci 0000:00:07.0: quirk: [io  0x4100-0x410f] claimed by PIIX4 SMB
[    0.518836] ACPI: PCI Interrupt Link [LNKA] (IRQs 5 9 10 *11)
[    0.520965] ACPI: PCI Interrupt Link [LNKB] (IRQs 5 9 *10 11)
[    0.523081] ACPI: PCI Interrupt Link [LNKC] (IRQs 5 *9 10 11)
[    0.525158] ACPI: PCI Interrupt Link [LNKD] (IRQs 5 9 10 *11)
[    0.527180] ACPI: Enabled 2 GPEs in block 00 to 07
[    0.528594] vgaarb: setting as boot device: PCI:0000:00:02.0
[    0.529861] vgaarb: device added: PCI:0000:00:02.0,decodes=io+mem,owns=io+mem,locks=none
[    0.532099] vgaarb: loaded
[    0.532814] vgaarb: bridge control possible 0000:00:02.0
[    0.534598] SCSI subsystem initialized
[    0.535945] ACPI: bus type USB registered
[    0.537080] usbcore: registered new interface driver usbfs
[    0.538299] usbcore: registered new interface driver hub
[    0.539406] usbcore: registered new device driver usb
[    0.540569] PCI: Using ACPI for IRQ routing
[    0.541799] NetLabel: Initializing
[    0.542543] NetLabel:  domain hash size = 128
[    0.543441] NetLabel:  protocols = UNLABELED CIPSOv4
[    0.544457] NetLabel:  unlabeled traffic allowed by default
[    0.545633] amd_nb: Cannot enumerate AMD northbridges
[    0.546672] clocksource: Switched to clocksource kvm-clock
[    0.552527] AppArmor: AppArmor Filesystem Enabled
[    0.553961] pnp: PnP ACPI init
[    0.555879] pnp: PnP ACPI: found 3 devices
[    0.562003] clocksource: acpi_pm: mask: 0xffffff max_cycles: 0xffffff, max_idle_ns: 2085701024 ns
[    0.564369] NET: Registered protocol family 2
[    0.565378] TCP established hash table entries: 4096 (order: 3, 32768 bytes)
[    0.567134] TCP bind hash table entries: 4096 (order: 4, 65536 bytes)
[    0.568726] TCP: Hash tables configured (established 4096 bind 4096)
[    0.569974] UDP hash table entries: 256 (order: 1, 8192 bytes)
[    0.571169] UDP-Lite hash table entries: 256 (order: 1, 8192 bytes)
[    0.572419] NET: Registered protocol family 1
[    0.573332] pci 0000:00:00.0: Limiting direct PCI/PCI transfers
[    0.574558] pci 0000:00:01.0: Activating ISA DMA hang workarounds
[    0.576145] Unpacking initramfs...
[    0.792609] Freeing initrd memory: 14844K
[    0.794127] clocksource: tsc: mask: 0xffffffffffffffff max_cycles: 0x2135f5e6f15, max_idle_ns: 440795231538 ns
[    0.797154] platform rtc_cmos: registered platform RTC device (no PNP device found)
[    0.799065] Scanning for low memory corruption every 60 seconds
[    0.801181] audit: initializing netlink subsys (disabled)
[    0.802458] audit: type=2000 audit(1574278998.170:1): initialized
[    0.804105] Initialise system trusted keyring
[    0.805398] HugeTLB registered 2 MB page size, pre-allocated 0 pages
[    0.807836] zbud: loaded
[    0.808743] VFS: Disk quotas dquot_6.6.0
[    0.809980] VFS: Dquot-cache hash table entries: 512 (order 0, 4096 bytes)
[    0.811740] squashfs: version 4.0 (2009/01/31) Phillip Lougher
[    0.813266] fuse init (API version 7.23)
[    0.814382] Key type big_key registered
[    0.815607] Allocating IMA MOK and blacklist keyrings.
[    0.816912] Key type asymmetric registered
[    0.817894] Asymmetric key parser 'x509' registered
[    0.819349] Block layer SCSI generic (bsg) driver version 0.4 loaded (major 249)
[    0.821266] io scheduler noop registered
[    0.822251] io scheduler deadline registered (default)
[    0.823671] io scheduler cfq registered
[    0.824736] pci_hotplug: PCI Hot Plug PCI Core version: 0.5
[    0.826042] pciehp: PCI Express Hot Plug Controller Driver version: 0.4
[    0.827710] ACPI: AC Adapter [AC] (on-line)
[    0.828796] input: Power Button as /devices/LNXSYSTM:00/LNXPWRBN:00/input/input0
[    0.831304] ACPI: Power Button [PWRF]
[    0.832573] input: Sleep Button as /devices/LNXSYSTM:00/LNXSLPBN:00/input/input1
[    0.834292] ACPI: Sleep Button [SLPF]
[    0.836608] ACPI: Battery Slot [BAT0] (battery present)
[    0.838333] GHES: HEST is not enabled!
[    0.840010] Serial: 8250/16550 driver, 32 ports, IRQ sharing enabled
[    0.862372] 00:02: ttyS0 at I/O 0x3f8 (irq = 4, base_baud = 115200) is a 16550A
[    0.867455] Linux agpgart interface v0.103
[    0.871813] loop: module loaded
[    0.873203] scsi host0: ata_piix
[    0.874190] scsi host1: ata_piix
[    0.875275] ata1: PATA max UDMA/33 cmd 0x1f0 ctl 0x3f6 bmdma 0xd000 irq 14
[    0.876863] ata2: PATA max UDMA/33 cmd 0x170 ctl 0x376 bmdma 0xd008 irq 15
[    0.879428] libphy: Fixed MDIO Bus: probed
[    0.880498] tun: Universal TUN/TAP device driver, 1.6
[    0.881795] tun: (C) 1999-2004 Max Krasnyansky <maxk@qualcomm.com>
[    0.883209] PPP generic driver version 2.4.2
[    0.884296] ehci_hcd: USB 2.0 'Enhanced' Host Controller (EHCI) Driver
[    0.886069] ehci-pci: EHCI PCI platform driver
[    0.887277] ehci-platform: EHCI generic platform driver
[    0.888938] ohci_hcd: USB 1.1 'Open' Host Controller (OHCI) Driver
[    0.890818] ohci-pci: OHCI PCI platform driver
[    0.891808] ohci-platform: OHCI generic platform driver
[    0.892843] uhci_hcd: USB Universal Host Controller Interface driver
[    0.894157] i8042: PNP: PS/2 Controller [PNP0303:PS2K,PNP0f03:PS2M] at 0x60,0x64 irq 1,12
[    0.896253] serio: i8042 KBD port at 0x60,0x64 irq 1
[    0.897648] serio: i8042 AUX port at 0x60,0x64 irq 12
[    0.898911] mousedev: PS/2 mouse device common for all mice
[    0.900690] input: AT Translated Set 2 keyboard as /devices/platform/i8042/serio0/input/input2
[    0.903372] rtc_cmos rtc_cmos: rtc core: registered rtc_cmos as rtc0
[    0.905049] rtc_cmos rtc_cmos: alarms up to one day, 114 bytes nvram
[    0.906466] i2c /dev entries driver
[    0.907364] device-mapper: uevent: version 1.0.3
[    0.908378] device-mapper: ioctl: 4.34.0-ioctl (2015-10-28) initialised: dm-devel@redhat.com
[    0.910136] ledtrig-cpu: registered to indicate activity on CPUs
[    0.911538] NET: Registered protocol family 10
[    0.912580] NET: Registered protocol family 17
[    0.914214] Key type dns_resolver registered
[    0.915320] registered taskstats version 1
[    0.916221] Loading compiled-in X.509 certificates
[    0.917650] Loaded X.509 cert 'Build time autogenerated kernel key: ef3203c14e3994470d47ef6a7e15c1ade40f8e1e'
[    0.920120] zswap: loaded using pool lzo/zbud
[    0.922072] Key type trusted registered
[    0.924615] Key type encrypted registered
[    0.925490] AppArmor: AppArmor sha1 policy hashing enabled
[    0.926649] ima: No TPM chip found, activating TPM-bypass!
[    0.927788] ima: Allocated hash algorithm: sha1
[    0.928951] evm: HMAC attrs: 0x1
[    0.929993]   Magic number: 11:235:749
[    0.930862] tty ttyS0: hash matches
[    0.931734] rtc_cmos rtc_cmos: setting system clock to 2019-11-20 19:43:13 UTC (1574278993)
[    0.933627] BIOS EDD facility v0.16 2004-Jun-25, 0 devices found
[    0.935245] EDD information not available.
[    1.036455] Freeing unused kernel memory: 1488K
[    1.037434] Write protecting the kernel read-only data: 14336k
[    1.038824] Freeing unused kernel memory: 1604K
[    1.040017] Freeing unused kernel memory: 60K
Loading, please wait...
starting version 229
[    1.050105] random: udevadm: uninitialized urandom read (16 bytes read, 3 bits of entropy available)
[    1.052774] random: systemd-udevd: uninitialized urandom read (16 bytes read, 3 bits of entropy available)
[    1.055445] random: systemd-udevd: uninitialized urandom read (16 bytes read, 3 bits of entropy available)
[    1.058095] random: systemd-udevd: uninitialized urandom read (16 bytes read, 3 bits of entropy available)
[    1.060600] random: udevadm: uninitialized urandom read (16 bytes read, 3 bits of entropy available)
[    1.066748] random: systemd-udevd: uninitialized urandom read (16 bytes read, 3 bits of entropy available)
[    1.070777] random: systemd-udevd: uninitialized urandom read (16 bytes read, 3 bits of entropy available)
[    1.073857] random: systemd-udevd: uninitialized urandom read (16 bytes read, 3 bits of entropy available)
[    1.078827] random: udevadm: uninitialized urandom read (16 bytes read, 3 bits of entropy available)
[    1.081041] random: systemd-udevd: uninitialized urandom read (16 bytes read, 3 bits of entropy available)
[    1.121567] e1000: Intel(R) PRO/1000 Network Driver - version 7.3.21-k8-NAPI
[    1.123759] e1000: Copyright (c) 1999-2006 Intel Corporation.
[    1.128381] Fusion MPT base driver 3.04.20
[    1.129703] Copyright (c) 1999-2008 LSI Corporation
[    1.145122] Fusion MPT SPI Host driver 3.04.20
[    1.161469] AVX2 version of gcm_enc/dec engaged.
[    1.162895] AES CTR mode by8 optimization enabled
[    1.336608] input: ImExPS/2 Generic Explorer Mouse as /devices/platform/i8042/serio1/input/input4
[    1.532117] e1000 0000:00:03.0 eth0: (PCI:33MHz:32-bit) 02:1a:6e:a3:7e:96
[    1.534066] e1000 0000:00:03.0 eth0: Intel(R) PRO/1000 Network Connection
[    1.536127] mptbase: ioc0: Initiating bringup
[    1.599523] ioc0: LSI53C1030 A0: Capabilities={Initiator}
[    1.760820] scsi host2: ioc0: LSI53C1030 A0, FwRev=00000000h, Ports=1, MaxQ=256, IRQ=20
[    1.876996] scsi 2:0:0:0: Direct-Access     VBOX     HARDDISK         1.0  PQ: 0 ANSI: 5
[    1.879631] scsi target2:0:0: Beginning Domain Validation
[    1.882330] scsi target2:0:0: Domain Validation skipping write tests
[    1.883845] scsi target2:0:0: Ending Domain Validation
[    1.885112] scsi target2:0:0: asynchronous
[    1.886440] scsi 2:0:1:0: Direct-Access     VBOX     HARDDISK         1.0  PQ: 0 ANSI: 5
[    1.888649] scsi target2:0:1: Beginning Domain Validation
[    1.891399] scsi target2:0:1: Domain Validation skipping write tests
[    1.893080] scsi target2:0:1: Ending Domain Validation
[    1.894378] scsi target2:0:1: asynchronous
[    1.898057] sd 2:0:0:0: Attached scsi generic sg0 type 0
[    1.907070] sd 2:0:0:0: [sda] 20971520 512-byte logical blocks: (10.7 GB/10.0 GiB)
[    1.923704] sd 2:0:0:0: [sda] Write Protect is off
[    1.929842] sd 2:0:0:0: [sda] Incomplete mode parameter data
[    1.932231] sd 2:0:0:0: [sda] Assuming drive cache: write through
[    1.940582] sd 2:0:1:0: Attached scsi generic sg1 type 0
[    1.942482] sd 2:0:1:0: [sdb] 20480 512-byte logical blocks: (10.5 MB/10.0 MiB)
[    1.946218] sd 2:0:1:0: [sdb] Write Protect is off
[    1.958992] sd 2:0:1:0: [sdb] Incomplete mode parameter data
[    1.960952] sd 2:0:1:0: [sdb] Assuming drive cache: write through
[    1.968475]  sda: sda1
[    1.970150] sd 2:0:0:0: [sda] Attached SCSI disk
[    1.985715] sd 2:0:1:0: [sdb] Attached SCSI disk
[    2.304710] e1000 0000:00:08.0 eth1: (PCI:33MHz:32-bit) 08:00:27:31:f2:1c
[    2.306809] e1000 0000:00:08.0 eth1: Intel(R) PRO/1000 Network Connection
[    2.309273] e1000 0000:00:08.0 enp0s8: renamed from eth1
[    2.311964] e1000 0000:00:03.0 enp0s3: renamed from eth0
Begin: Loading essential drivers ... [    3.530638] md: linear personality registered for level -1
[    3.534986] md: multipath personality registered for level -4
[    3.539441] md: raid0 personality registered for level 0
[    3.544053] md: raid1 personality registered for level 1
[    3.616019] raid6: sse2x1   gen() 12065 MB/s
[    3.688768] raid6: sse2x1   xor()  8433 MB/s
[    3.758847] raid6: sse2x2   gen() 16018 MB/s
[    3.828915] raid6: sse2x2   xor() 10313 MB/s
[    3.897740] raid6: sse2x4   gen() 19409 MB/s
[    3.967281] raid6: sse2x4   xor() 12213 MB/s
[    4.037293] raid6: avx2x1   gen() 26468 MB/s
[    4.107367] raid6: avx2x2   gen() 26079 MB/s
[    4.178734] raid6: avx2x4   gen() 36447 MB/s
[    4.180197] raid6: using algorithm avx2x4 gen() 36447 MB/s
[    4.182006] raid6: using avx2x2 recovery algorithm
[    4.184646] xor: automatically using best checksumming function:
[    4.228507]    avx       : 33458.000 MB/sec
[    4.231243] async_tx: api initialized (async)
[    4.240463] md: raid6 personality registered for level 6
[    4.242288] md: raid5 personality registered for level 5
[    4.243807] md: raid4 personality registered for level 4
[    4.249150] md: raid10 personality registered for level 10
done.
Begin: Running /scripts/init-premount ... done.
Begin: Mounting root file system ... Begin: Running /scripts/local-top ... done.
Begin: Running /scripts/local-premount ... [    4.273816] Btrfs loaded
Scanning for Btrfs filesystems
done.
Warning: fsck not present, so skipping root file system
[    4.296417] EXT4-fs (sda1): mounted filesystem with ordered data mode. Opts: (null)
done.
Begin: Running /scripts/local-bottom ... done.
Begin: Running /scripts/init-bottom ... done.
[    4.379573] systemd[1]: systemd 229 running in system mode. (+PAM +AUDIT +SELINUX +IMA +APPARMOR +SMACK +SYSVINIT +UTMP +LIBCRYPTSETUP +GCRYPT +GNUTLS +ACL +XZ -LZ4 +SECCOMP +BLKID +ELFUTILS +KMOD -IDN)
[    4.383237] systemd[1]: Detected virtualization oracle.
[    4.384382] systemd[1]: Detected architecture x86-64.

Welcome to [1mUbuntu 16.04.6 LTS[0m!

[    4.395371] systemd[1]: Set hostname to <ubuntu>.
[    4.399516] systemd[1]: Initializing machine ID from random generator.
[    4.400897] systemd[1]: Installed transient /etc/machine-id file.
[    4.498305] systemd[1]: Started Trigger resolvconf update for networkd DNS.
[[0;32m  OK  [0m] Started Trigger resolvconf update for networkd DNS.
[    4.501123] systemd[1]: Reached target Swap.
[[0;32m  OK  [0m] Reached target Swap.
[    4.506922] systemd[1]: Reached target Encrypted Volumes.
[[0;32m  OK  [0m] Reached target Encrypted Volumes.
[    4.509578] systemd[1]: Reached target User and Group Name Lookups.
[[0;32m  OK  [0m] Reached target User and Group Name Lookups.
[    4.512544] systemd[1]: Reached target System Time Synchronized.
[[0;32m  OK  [0m] Reached target System Time Synchronized.
[    4.514865] systemd[1]: Listening on Device-mapper event daemon FIFOs.
[[0;32m  OK  [0m] Listening on Device-mapper event daemon FIFOs.
[    4.517392] systemd[1]: Started Forward Password Requests to Wall Directory Watch.
[[0;32m  OK  [0m] Started Forward Password Requests to Wall Directory Watch.
[    4.520277] systemd[1]: Listening on Journal Audit Socket.
[[0;32m  OK  [0m] Listening on Journal Audit Socket.
[    4.522500] systemd[1]: Listening on Journal Socket (/dev/log).
[[0;32m  OK  [0m] Listening on Journal Socket (/dev/log).
[    4.524868] systemd[1]: Set up automount Arbitrary Executable File Formats File System Automount Point.
[[0;32m  OK  [0m] Set up automount Arbitrary Executab...ats File System Automount Point.
[    4.528530] systemd[1]: Created slice User and Session Slice.
[[0;32m  OK  [0m] Created slice User and Session Slice.
[    4.530864] systemd[1]: Listening on Journal Socket.
[[0;32m  OK  [0m] Listening on Journal Socket.
[    4.532976] systemd[1]: Listening on LVM2 metadata daemon socket.
[[0;32m  OK  [0m] Listening on LVM2 metadata daemon socket.
[    4.543395] systemd[1]: Created slice System Slice.
[[0;32m  OK  [0m] Created slice System Slice.
[    4.551590] systemd[1]: Starting Create list of required static device nodes for the current kernel...
         Starting Create list of required st... nodes for the current kernel...
[    4.564605] systemd[1]: Starting Set console keymap...
         Starting Set console keymap...
[    4.567470] systemd[1]: Reached target Slices.
[[0;32m  OK  [0m] Reached target Slices.
[    4.570023] systemd[1]: Created slice system-serial\x2dgetty.slice.
[[0;32m  OK  [0m] Created slice system-serial\x2dgetty.slice.
[    4.579228] systemd[1]: Mounting Debug File System...
         Mounting Debug File System...
[    4.583729] systemd[1]: Starting Nameserver information manager...
         Starting Nameserver information manager...
[    4.592771] systemd[1]: Starting Uncomplicated firewall...
         Starting Uncomplicated firewall...
[    4.597020] systemd[1]: Starting Remount Root and Kernel File Systems...
         Starting Remount Root and Kernel File Systems...
[    4.604709] EXT4-fs (sda1): re-mounted. Opts: (null)
[    4.607524] systemd[1]: Starting Monitoring of LVM2 mirrors, snapshots etc. using dmeventd or progress polling...
         Starting Monitoring of LVM2 mirrors... dmeventd or progress polling...
[    4.616864] systemd[1]: Listening on udev Control Socket.
[[0;32m  OK  [0m] Listening on udev Control Socket.
[    4.620592] systemd[1]: Listening on /dev/initctl Compatibility Named Pipe.
[[0;32m  OK  [0m] Listening on /dev/initctl Compatibility Named Pipe.
[    4.631381] systemd[1]: Mounting POSIX Message Queue File System...
         Mounting POSIX Message Queue File System...
[    4.635322] systemd[1]: Listening on udev Kernel Socket.
[[0;32m  OK  [0m] Listening on udev Kernel Socket.
[    4.638675] systemd[1]: Listening on Syslog Socket.
[[0;32m  OK  [0m] Listening on Syslog Socket.
[    4.647450] systemd[1]: Listening on LVM2 poll daemon socket.
[[0;32m  OK  [0m] Listening on LVM2 poll daemon socket.
[    4.655626] systemd[1]: Mounting Huge Pages File System...
         Mounting Huge Pages File System...
[    4.663501] systemd[1]: Starting Journal Service...
         Starting Journal Service...
[    4.668370] systemd[1]: Starting Load Kernel Modules...
         Starting Load Kernel Modules...
[    4.671915] systemd[1]: Mounted POSIX Message Queue File System.
[[0;32m  OK  [0m] Mounted POSIX Message Queue File System.
[    4.674552] systemd[1]: Mounted Debug File System.
[[0;32m  OK  [0m] Mounted Debug File System.
[    4.679879] systemd[1]: Mounted Huge Pages File System.
[    4.685609] Loading iSCSI transport class v2.0-870.
[[0;32m  OK  [0m] Mounted Huge Pages File System.
[    4.690933] systemd[1]: Started Create list of required static device nodes for the current kernel.
[[0;32m  OK  [0m] Started Create list of required sta...ce nodes for the current kernel.
[    4.699624] systemd[1]: Started Set console keymap.
[[0;32m  OK  [0m] Started Set console keymap.
[    4.703510] systemd[1]: Started Uncomplicated firewall.
[[0;32m  OK  [0m] Started Uncomplicated firewall.
[    4.708037] iscsi: registered transport (tcp)
[    4.709999] systemd[1]: Started Remount Root and Kernel File Systems.
[[0;32m  OK  [0m] Started Remount Root and Kernel File Systems.
[    4.715200] systemd[1]: Started Nameserver information manager.
[[0;32m  OK  [0m] Started Nameserver information manager.
[    4.723445] systemd[1]: Started Journal Service.
[[0;32m  OK  [0m] Started Journal Service.
[    4.763158] iscsi: registered transport (iser)
[[0;32m  OK  [0m] Started Load Kernel Modules.
         Starting Apply Kernel Variables...
         Mounting FUSE Control File System...
[[0;32m  OK  [0m] Started LVM2 metadata daemon.
         Starting Load/Save Random Seed...
         Starting Flush Journal to Persistent Storage...
         Starting udev Coldplug all Devices...
         Starting Create Static Device Nodes in /dev...
[[0;32m  OK  [0m] Mounted FUSE Control File System.
[[0;32m  OK  [0m] Started Apply Kernel Variables.
[[0;32m  OK  [0m] Started Load/Save Random Seed.
[[0;32m  OK  [0m] Started Create Static Device Nodes in /dev.
[[0;32m  OK  [0m] Started Flush Journal to Persistent Storage.
[[0;32m  OK  [0m] Started udev Coldplug all Devices.
         Starting udev Kernel Device Manager...
[[0;32m  OK  [0m] Started udev Kernel Device Manager.
[[0;32m  OK  [0m] Started Dispatch Password Requests to Console Directory Watch.
[[0;32m  OK  [0m] Found device /dev/ttyS0.
[[0;32m  OK  [0m] Listening on Load/Save RF Kill Switch Status /dev/rfkill Watch.
[[0;32m  OK  [0m] Started Monitoring of LVM2 mirrors,...ng dmeventd or progress polling.
[[0;32m  OK  [0m] Reached target Local File Systems (Pre).
[[0;32m  OK  [0m] Reached target Local File Systems.
         Starting Create Volatile Files and Directories...
         Starting LSB: AppArmor initialization...
         Starting Commit a transient machine-id on disk...
         Starting Initial cloud-init job (pre-networking)...
         Starting Set console font and keymap...
         Starting Tell Plymouth To Write Out Runtime Data...
[[0;32m  OK  [0m] Started Commit a transient machine-id on disk.
[[0;32m  OK  [0m] Started Create Volatile Files and Directories.
[[0;32m  OK  [0m] Started Tell Plymouth To Write Out Runtime Data.
         Starting Update UTMP about System Boot/Shutdown...
[[0;32m  OK  [0m] Started Update UTMP about System Boot/Shutdown.
[    6.575534] cloud-init[619]: Cloud-init v. 19.2-36-g059d049c-0ubuntu2~16.04.1 running 'init-local' at Wed, 20 Nov 2019 19:43:18 +0000. Up 6.13 seconds.
[[0;32m  OK  [0m] Started Initial cloud-init job (pre-networking).
[[0;32m  OK  [0m] Reached target Network (Pre).
[[0;32m  OK  [0m] Started Set console font and keymap.
[[0;32m  OK  [0m] Created slice system-getty.slice.
[[0;32m  OK  [0m] Started LSB: AppArmor initialization.
         Starting Raise network interfaces...
[[0;32m  OK  [0m] Started Raise network interfaces.
[[0;32m  OK  [0m] Reached target Network.
         Starting Initial cloud-init job (metadata service crawler)...
[    7.530554] cloud-init[968]: Cloud-init v. 19.2-36-g059d049c-0ubuntu2~16.04.1 running 'init' at Wed, 20 Nov 2019 19:43:19 +0000. Up 7.13 seconds.
[    7.536495] cloud-init[968]: ci-info: ++++++++++++++++++++++++++++++++++++++Net device info+++++++++++++++++++++++++++++++++++++++
[    7.544362] cloud-init[968]: ci-info: +--------+-------+----------------------------+---------------+--------+-------------------+
[    7.552355] cloud-init[968]: ci-info: | Device |   Up  |          Address           |      Mask     | Scope  |     Hw-Address    |
[    7.553777] cloud-init[968]: ci-info: +--------+-------+----------------------------+---------------+--------+-------------------+
[    7.560511] cloud-init[968]: ci-info: | enp0s3 |  True |         10.0.2.15          | 255.255.255.0 | global | 02:1a:6e:a3:7e:96 |
[    7.564451] cloud-init[968]: ci-info: | enp0s3 |  True | fe80::1a:6eff:fea3:7e96/64 |       .       |  link  | 02:1a:6e:a3:7e:96 |
[    7.568491] cloud-init[968]: ci-info: | enp0s8 | False |             .              |       .       |   .    | 08:00:27:31:f2:1c |
[    7.573734] cloud-init[968]: ci-info: |   lo   |  True |         127.0.0.1          |   255.0.0.0   |  host  |         .         |[[0;32m  OK  [0m] Started Initial cloud-init job (metadata service crawler).
[[0;32m  OK  [0m] Reached target Network is Online.
         
[    7.580297] cloud-init[968]: ci-info: |   lo   |  True |          ::1/128           |       .       |  host  |         .         |
[    7.582437] cloud-init[968]: ci-info: +--------+-------+----------------------------+---------------+--------+-------------------+Starting iSCSI initiator daemon (iscsid)...
[[0;32m  OK  [0m] Reached target Cloud-config availability.
[[0;32m  OK  [0m] Reached target System Initialization.
[[0;32m  OK  [0m] Started Daily Cleanup of Temporary Directories.
[[0;32m  OK  [0m] Listening on D-Bus System Message Bus Socket.
[[0;32m  OK  [0m] Listening on UUID daemon activation socket.
[    7.592492] cloud-init[968]: ci-info: +++++++++++++++++++++++++++Route IPv4 info++++++++++++++++++++++++++++
[[0;32m  OK  [0m] Started Daily apt download activities.
[[0;32m  OK  [0m] Listening on ACPID Listen Socket.
         Starting Socket activation for snappy daemon.
[    7.600955] cloud-init[968]: ci-info: +-------+-------------+----------+---------------+-----------+-------+
[    7.603936] 
cloud-init[968]: ci-info: | Route | Destination | Gateway  |    Genmask    | Interface | Flags |
         Starting LXD - unix socket.
[[0;32m  OK  [0m] Started Message of the Day.
[[0;32m  OK  [0m] Started Daily apt upgrade and clean activities.[    7.612327] cloud-init[968]: ci-info: +-------+-------------+----------+---------------+-----------+-------+
[    7.614219] cloud-init[968]: ci-info: |   0   |   0.0.0.0   | 10.0.2.2 |    0.0.0.0    |   enp0s3  |   UG  |
[[0;32m  OK  [0m] Reached target Timers.

[    7.617304] [[0;32m  OK  [0m] Started ACPI Events Check.
[[0;32m  OK  [0m] Reached target Paths.
cloud-init[968]: ci-info: |   1   |   10.0.2.0  | 0.0.0.0  | 255.255.255.0 |   enp0s3  |   U   |
[[0;32m  OK  [0m] Listening on Socket activation for snappy daemon.
[    7.623971] cloud-init[968]: ci-info: +-------+-------------+----------+---------------+-----------+-------+
[[0;32m  OK  [0m] Listening on LXD - unix socket.
[    7.627732] cloud-init[968]: ci-info: +++++++++++++++++++Route IPv6 info+++++++++++++++++++
[    7.634613] cloud-init[968]: ci-info: +-------+-------------+---------+-----------+-------+
[    7.644900] cloud-init[968]: ci-info: | Route | Destination | Gateway | Interface | Flags |
[[0;32m  OK  [0m] Started iSCSI initiator daemon (iscsid).
[    7.654326] cloud-init[968]: ci-info: +-------+-------------+---------+-----------+-------+
[    7.663586] cloud-init[968]: ci-info: |   0   |  fe80::/64  |    ::   |   enp0s3  |   U   |
[    7.664862] cloud-init[968]: ci-info: |   3   |   ff00::/8  |    ::   |   enp0s3  |   U   |
[    7.667580] cloud-init[968]: ci-info: +-------+-------------+---------+-----------+-------+
[    7.676371] cloud-init[968]: Generating public/private rsa key pair.
[    7.677417] cloud-init[968]: Your identification has been saved in /etc/ssh/ssh_host_rsa_key.
         Starting Login to default iSCSI targets...
[[0;32m  OK  [0m] Reached target Sockets.
[    7.686918] cloud-init[968]: Your public key has been saved in /etc/ssh/ssh_host_rsa_key.pub.
[    7.700814] cloud-init[968]: The key fingerprint is:
[    7.708892] cloud-init[968]: SHA256:TdnF9KOUgIY+OsTQSG79hCsL0lhhEjGyVVYNsW1X6a8 root@ubuntu-xenial
[[0;32m  OK  [0m] Reached target Basic System.
[    7.718355] cloud-init[968]: The key's randomart image is:
[    7.732852] cloud-init[968]: +---[RSA 2048]----+
[    7.741792] cloud-init[968]: |*o=o=.++. ...+o  |
[    7.748271] cloud-init[968]: |.*.=...+.o +o.o. |
[[0;32m  OK  [0m] Started ACPI event daemon.
         Starting Login Service...
[    7.758462] cloud-init[968]: |. .oooo.+ +..o ..|
[    7.763417] cloud-init         Starting LSB: MD monitoring daemon...
         Starting LXD - container startup/shutdown...
         Starting System Logging Service...
         Starting /etc/rc.local Compatibility...
[968]: | +.  o++ +  o . .|
         Starting Snappy daemon...
[[0;32m  OK  [0m] Started Regular background program processing daemon.
[[0;32m  OK  [0m] Started FUSE filesystem for LXC.
[[    7.776945] cloud-init[968]: |o.......S .  o   |
[0;32m  OK  [0m] Started Deferred execution scheduler.
[[0;32m  OK  [0m] Started D-Bus System Message Bus.
[    7.786877] cloud-init[968]: |. . oo        .  |
[    7.818324] cloud-init[968]: |   .  .      .   |
[    7.820057] cloud-init[968]: |            E    |
[    7.825107] cloud-init[968]: |                 |
[    7.835248] cloud-init[968]: +----[SHA256]-----+
[    7.836757] cloud-init[968]: Generating public/private dsa key pair.
         Starting Pollinate to seed the pseudo random number generator...
         Starting LSB: Record successful boot for GRUB...
         Starting Accounts Service...
         Starting Virtualbox guest utils...
[[0;32m  OK  [0m] Started System Logging Service.
[[0;32m  OK  [0m] Started /etc/rc.local Compatibility.
[    7.876847] cloud-init[968]: Your identification has been saved in /etc/ssh/ssh_host_dsa_key.
[    7.910434] [[0;32m  OK  [0m] Started Login to default iSCSI targets.
cloud-init[968]: Your public key has been saved in /etc/ssh/ssh_host_dsa_key.pub.
[    7.934908] cloud-init[968]: The key fingerprint is:
[    7.950912] cloud-init[968]: SHA256:uvsu8WxKC8DjrTomfXfA/wCbetvXAHFfR/UHlLZqFV0 root@ubuntu-xenial
[    7.956584] cloud-init[968]: The key's randomart image is:
[    7.962045] [[0;32m  OK  [0m] Started LXD - container startup/shutdown.
[[0;32m  OK  [0m] Reached target Remote File Systems (Pre).
[[0;32m  OK  [0m] Reached target Remote File Systems.
         Starting LSB: daemon to balance interrupts for SMP systems...
cloud-init         Starting LSB: Set the CPU Frequency Scaling governor to "ondemand"...
         Starting LSB: automatic crash report generation...
         Starting Permit User Sessions...
[[0;32m  OK  [0m] Started LSB: MD monitoring daemon.
[[0;32m  OK  [0m] Started Login Service.
[[0;32m  OK  [0m] Started Permit User Sessions.
[968]: +---[DSA 1024]----+
[[0;32m  OK  [0m] Started LSB: Record successful boot for GRUB.
[    8.033646] cloud-init[968]: |             .o+E|
         Starting Authenticate and Authorize Users to Run Privileged Tasks...
         Starting Hold until boot process finishes up...
[    8.042036] cloud-init         Starting Terminate Plymouth Boot Screen...
[[0;32m  OK  [0m] Started Unattended Upgrades Shutdown.
[[0;32m  OK  [0m[968]: |        . .   =.+|
] Started LSB: Set the CPU Frequency Scaling governor to "ondemand".
[[0;32m  OK  [0m] Started Hold until boot process finishes up.
[[0;32m  OK  [0m] Started Terminate Plymouth Boot Screen.
         Starting Set console scheme...
[[0;32m  OK  [0m] Started Serial Getty on ttyS0.
[[0;32m  OK  [0m] [    8.090698] cloud-init[968]: |         o . o +o|
[    8.092888] cloud-init[968]: | .      .   . o .|
Started Getty on tty1.
[[0;32m  OK  [0m] Reached target Login Prompts.
[[0;32m  OK  [0m] Started Set console scheme.
[    8.108214] cloud-init[968]: |  +  .. S.   o   |
[[0;32m  OK  [0m] Started Authenticate and Authorize Users to Run Privileged Tasks.
[[0;32m  OK  [0m] Started LSB: daemon to balance interrupts for SMP systems.
[[0;32m  OK  [0m] Started Accounts Service.
[    8.122784] cloud-init[968]: | . +  +=  . o    |
[    8.133484] cloud-init[968]: | .. o =*.  +     |
[[0;32m  OK  [0m] Started LSB: automatic crash report generation.
[    8.145642] cloud-init[968]: |o....+++*.. .    |
[    8.149489] cloud-init[968]: |+o...o*X+o.      |
[    8.151284] cloud-init[968]: +----[SHA256]-----+
[    8.152285] cloud-init[968]: Generating public/private ecdsa key pair.
[    8.156414] cloud-init[968]: Your identification has been saved in /etc/ssh/ssh_host_ecdsa_key.
[    8.160770] cloud-init[968]: Your public key has been saved in /etc/ssh/ssh_host_ecdsa_key.pub.
[    8.166534] cloud-init[968]: The key fingerprint is:
[    8.168057] cloud-init[968]: SHA256:qeIrAhNNmTmefwUdIv2lLQnNaVDCaYhNJ+Pg9TxvzaM root@ubuntu-xenial
[    8.172489] cloud-init[968]: The key's randomart image is:
[    8.176127] cloud-init[968]: +---[ECDSA 256]---+
[    8.178081] cloud-init[968]: |  .B*+=Boo       |
[    8.180304] cloud-init[968]: | .B+oBBo* .      |
[    8.182699] cloud-init[968]: | +.o..+= =       |
[    8.183976] cloud-init[968]: |. +    o*+.      |
[    8.185178] cloud-init[968]: | . .   .S.+      |
[    8.189538] cloud-init[968]: |o   . .o . .     |
[[0;32m  OK  [0m] Started Virtualbox guest utils.
[    8.194167] cloud-init[968]: |..  ... E        |
[    8.195264] cloud-init[968]: |. .. .           |
[    8.209255] cloud-init[968]: | . .o.           |
[    8.213478] cloud-init[968]: +----[SHA256]-----+
[    8.216613] cloud-init[968]: Generating public/private ed25519 key pair.
[    8.222646] cloud-init[968]: Your identification has been saved in /etc/ssh/ssh_host_ed25519_key.
[    8.225193] cloud-init[968]: Your public key has been saved in /etc/ssh/ssh_host_ed25519_key.pub.
[    8.232331] cloud-init[968]: The key fingerprint is:
[    8.246795] cloud-init[968]: SHA256:zve+W6JY8BhcOgmRAxr2eped3lCprlDnPmCHB00Hdf0 root@ubuntu-xenial
[    8.248344] cloud-init[968]: The key's randomart image is:
[    8.252354] cloud-init[968]: +--[ED25519 256]--+
[    8.257632] cloud-init[968]: |  o .....o. ..   |
[    8.258774] cloud-init[968]: | . +  o.. .o  .  |
[    8.260400] cloud-init[968]: |  . . .+ .+    . |
[    8.262732] cloud-init[968]: |   .  .=.B      E|
[    8.264286] cloud-init[968]: |  . . +oS        |
[    8.268696] cloud-init[968]: |   . o+BoO       |
[    8.269459] cloud-init[968]: |    .. +B = . .  |
[    8.270412] cloud-init[968]: |     . o.+ o o   |
[    8.271691] cloud-init[968]: |      . o...=o   |
[    8.281835] cloud-init[968]: +----[SHA256]-----+
[[0;32m  OK  [0m] Started Snappy daemon.
         Starting Wait until snapd is fully seeded...
[[0;32m  OK  [0m] Started Pollinate to seed the pseudo random number generator.
         Starting OpenBSD Secure Shell server...
[[0;32m  OK  [0m] Started OpenBSD Secure Shell server.
[[0;32m  OK  [0m] Started Wait until snapd is fully seeded.
         Starting Apply the settings specified in cloud-config...
[[0;32m  OK  [0m] Reached target Multi-User System.
[[0;32m  OK  [0m] Reached target Graphical Interface.
         Starting Update UTMP about System Runlevel Changes...
[[0;32m  OK  [0m] Started Update UTMP about System Runlevel Changes.
[    9.627954] cloud-init[1333]: Generating locales (this might take a while)...
[   10.219379] cloud-init[1333]:   en_US.UTF-8... done
[   10.220577] cloud-init[1333]: Generation complete.
[   10.441750] cloud-init[1333]: Cloud-init v. 19.2-36-g059d049c-0ubuntu2~16.04.1 running 'modules:config' at Wed, 20 Nov 2019 19:43:22 +0000. Up 9.55 seconds.
[[0;32m  OK  [0m] Started Apply the settings specified in cloud-config.
         Starting Execute cloud user/final scripts...
ci-info: no authorized ssh keys fingerprints found for user ubuntu.
<14>Nov 20 19:43:23 ec2: 
<14>Nov 20 19:43:23 ec2: #############################################################
<14>Nov 20 19:43:23 ec2: -----BEGIN SSH HOST KEY FINGERPRINTS-----
<14>Nov 20 19:43:23 ec2: 1024 SHA256:uvsu8WxKC8DjrTomfXfA/wCbetvXAHFfR/UHlLZqFV0 root@ubuntu-xenial (DSA)
<14>Nov 20 19:43:23 ec2: 256 SHA256:qeIrAhNNmTmefwUdIv2lLQnNaVDCaYhNJ+Pg9TxvzaM root@ubuntu-xenial (ECDSA)
<14>Nov 20 19:43:23 ec2: 256 SHA256:zve+W6JY8BhcOgmRAxr2eped3lCprlDnPmCHB00Hdf0 root@ubuntu-xenial (ED25519)
<14>Nov 20 19:43:23 ec2: 2048 SHA256:TdnF9KOUgIY+OsTQSG79hCsL0lhhEjGyVVYNsW1X6a8 root@ubuntu-xenial (RSA)
<14>Nov 20 19:43:23 ec2: -----END SSH HOST KEY FINGERPRINTS-----
<14>Nov 20 19:43:23 ec2: #############################################################
-----BEGIN SSH HOST KEY KEYS-----
ecdsa-sha2-nistp256 AAAAE2VjZHNhLXNoYTItbmlzdHAyNTYAAAAIbmlzdHAyNTYAAABBBFRdIgUOXaSpl7wLdp4e0p8bBqw+RgeIXvGgcDaxo8LciZ/EMlxT3R+HQxYCGewVWpbZIaBjQtaiBDGkoJx5Iro= root@ubuntu-xenial
ssh-ed25519 AAAAC3NzaC1lZDI1NTE5AAAAIItNC6FzF/i+Q5zyrMpHk5hJgS1XDQEK5uYU0+n7NRul root@ubuntu-xenial
ssh-rsa AAAAB3NzaC1yc2EAAAADAQABAAABAQCzKa79g93qkjmtnZ6VYTpCS7kno30a1wVnDR5Gid2V5/7rsCkR5yD6ksIAyVDhz7+rO8k4CBO59PRxHacHcmsRXAqTdribO+AmnfP8czypTUqzXY5pa3UtpL+SEPCQ5Qmp+JDbKMEUIaxjxpB6xkzAoQhe6Q3MotDTpEK3tk/VsHjKpkjmI3DwCWpC8hqEGHIgHxY6fD2/Gs4Rc62p4rIww5PpdveYsSLcpIN+kTRYXmh9K5BhEKsVEWmywmnxQzlB833gKXvqNpisvQbXubsGOmAtz28yHLmW7vPiCOjgzbtBjRqaHOSJTUmekTe255HkNN2pOGhUkAH7ziGV1Yvb root@ubuntu-xenial
-----END SSH HOST KEY KEYS-----
[   10.773192] cloud-init[1377]: Cloud-init v. 19.2-36-g059d049c-0ubuntu2~16.04.1 running 'modules:final' at Wed, 20 Nov 2019 19:43:23 +0000. Up 10.65 seconds.
[   10.780356] cloud-init[1377]: ci-info: no authorized ssh keys fingerprints found for user ubuntu.
[   10.788853] cloud-init[1377]: Cloud-init v. 19.2-36-g059d049c-0ubuntu2~16.04.1 finished at Wed, 20 Nov 2019 19:43:23 +0000. Datasource DataSourceNoCloud [seed=/dev/sdb][dsmode=net].  Up 10.76 seconds
[[0;32m  OK  [0m] Started Execute cloud user/final scripts.
[[0;32m  OK  [0m] Reached target Cloud-init target.

Ubuntu 16.04.6 LTS ubuntu-xenial ttyS0

ubuntu-xenial login: 